2024-10-23 19:54:42 |WARN  |main |Reflections.java:179 |org.reflections.Reflections |given scan urls are empty. set urls in the configuration
2024-10-23 19:54:42 |WARN  |main |Reflections.java:179 |org.reflections.Reflections |given scan urls are empty. set urls in the configuration
2024-10-23 19:54:45 |WARN  |main |NacosPropertySourceBuilder.java:87 |com.alibaba.cloud.nacos.client.NacosPropertySourceBuilder |Ignore the empty nacos configuration and get it based on dataId[search-service] & group[DEFAULT_GROUP]
2024-10-23 19:54:45 |WARN  |main |NacosPropertySourceBuilder.java:87 |com.alibaba.cloud.nacos.client.NacosPropertySourceBuilder |Ignore the empty nacos configuration and get it based on dataId[search-service.yaml] & group[DEFAULT_GROUP]
2024-10-23 19:54:45 |WARN  |main |NacosPropertySourceBuilder.java:87 |com.alibaba.cloud.nacos.client.NacosPropertySourceBuilder |Ignore the empty nacos configuration and get it based on dataId[search-service-dev.yaml] & group[DEFAULT_GROUP]
2024-10-23 19:54:46 |WARN  |pool-4-thread-1 |ZipkinAutoConfiguration.java:164 |org.springframework.cloud.sleuth.autoconfig.zipkin2.ZipkinAutoConfiguration |Check result of the [RestTemplateSender{http://localhost:9411/api/v2/spans}] contains an error [CheckResult{ok=false, error=org.springframework.web.client.ResourceAccessException: I/O error on POST request for "http://localhost:9411/api/v2/spans": Connection refused: connect; nested exception is java.net.ConnectException: Connection refused: connect}]
2024-10-23 19:54:49 |WARN  |main |ElasticsearchClientConfig.java:62 |com.bilibili.search.config.ElasticsearchClientConfig |Connecting Elasticsearch Failed, Retry in 10 seconds...
2024-10-23 19:55:01 |WARN  |main |ElasticsearchClientConfig.java:62 |com.bilibili.search.config.ElasticsearchClientConfig |Connecting Elasticsearch Failed, Retry in 10 seconds...
2024-10-23 19:55:13 |WARN  |main |ElasticsearchClientConfig.java:62 |com.bilibili.search.config.ElasticsearchClientConfig |Connecting Elasticsearch Failed, Retry in 10 seconds...
2024-10-23 19:55:26 |WARN  |main |ElasticsearchClientConfig.java:62 |com.bilibili.search.config.ElasticsearchClientConfig |Connecting Elasticsearch Failed, Retry in 10 seconds...
2024-10-23 19:55:42 |WARN  |main |LoadBalancerCacheAutoConfiguration.java:82 |org.springframework.cloud.loadbalancer.config.LoadBalancerCacheAutoConfiguration$LoadBalancerCaffeineWarnLogger |Spring Cloud LoadBalancer is currently working with the default cache. While this cache implementation is useful for development and tests, it's recommended to use Caffeine cache in production.You can switch to using Caffeine cache, by adding it and org.springframework.cache.caffeine.CaffeineCacheManager to the classpath.
2024-10-23 19:56:40 |WARN  |Thread-1 |HttpClientBeanHolder.java:108 |com.alibaba.nacos.common.http.HttpClientBeanHolder |[HttpClientBeanHolder] Start destroying common HttpClient
2024-10-23 19:56:40 |WARN  |Thread-5 |NotifyCenter.java:136 |com.alibaba.nacos.common.notify.NotifyCenter |[NotifyCenter] Start destroying Publisher
2024-10-23 19:56:40 |WARN  |Thread-5 |NotifyCenter.java:153 |com.alibaba.nacos.common.notify.NotifyCenter |[NotifyCenter] Destruction of the end
2024-10-23 19:56:40 |WARN  |Thread-1 |HttpClientBeanHolder.java:114 |com.alibaba.nacos.common.http.HttpClientBeanHolder |[HttpClientBeanHolder] Destruction of the end
2024-10-23 19:56:54 |WARN  |main |Reflections.java:179 |org.reflections.Reflections |given scan urls are empty. set urls in the configuration
2024-10-23 19:56:54 |WARN  |main |Reflections.java:179 |org.reflections.Reflections |given scan urls are empty. set urls in the configuration
2024-10-23 19:56:57 |WARN  |main |NacosPropertySourceBuilder.java:87 |com.alibaba.cloud.nacos.client.NacosPropertySourceBuilder |Ignore the empty nacos configuration and get it based on dataId[chat-service] & group[DEFAULT_GROUP]
2024-10-23 19:56:57 |WARN  |main |NacosPropertySourceBuilder.java:87 |com.alibaba.cloud.nacos.client.NacosPropertySourceBuilder |Ignore the empty nacos configuration and get it based on dataId[chat-service.yaml] & group[DEFAULT_GROUP]
2024-10-23 19:56:57 |WARN  |main |NacosPropertySourceBuilder.java:87 |com.alibaba.cloud.nacos.client.NacosPropertySourceBuilder |Ignore the empty nacos configuration and get it based on dataId[chat-service-dev.yaml] & group[DEFAULT_GROUP]
2024-10-23 19:56:59 |WARN  |main |Reflections.java:179 |org.reflections.Reflections |given scan urls are empty. set urls in the configuration
2024-10-23 19:56:59 |WARN  |main |Reflections.java:179 |org.reflections.Reflections |given scan urls are empty. set urls in the configuration
2024-10-23 19:57:05 |WARN  |main |NacosPropertySourceBuilder.java:87 |com.alibaba.cloud.nacos.client.NacosPropertySourceBuilder |Ignore the empty nacos configuration and get it based on dataId[search-service] & group[DEFAULT_GROUP]
2024-10-23 19:57:05 |WARN  |main |NacosPropertySourceBuilder.java:87 |com.alibaba.cloud.nacos.client.NacosPropertySourceBuilder |Ignore the empty nacos configuration and get it based on dataId[search-service.yaml] & group[DEFAULT_GROUP]
2024-10-23 19:57:05 |WARN  |main |NacosPropertySourceBuilder.java:87 |com.alibaba.cloud.nacos.client.NacosPropertySourceBuilder |Ignore the empty nacos configuration and get it based on dataId[search-service-dev.yaml] & group[DEFAULT_GROUP]
2024-10-23 19:57:07 |WARN  |pool-4-thread-1 |ZipkinAutoConfiguration.java:164 |org.springframework.cloud.sleuth.autoconfig.zipkin2.ZipkinAutoConfiguration |Check result of the [RestTemplateSender{http://localhost:9411/api/v2/spans}] contains an error [CheckResult{ok=false, error=org.springframework.web.client.ResourceAccessException: I/O error on POST request for "http://localhost:9411/api/v2/spans": Connection refused: connect; nested exception is java.net.ConnectException: Connection refused: connect}]
2024-10-23 19:57:07 |WARN  |main |Reflections.java:179 |org.reflections.Reflections |given scan urls are empty. set urls in the configuration
2024-10-23 19:57:07 |WARN  |main |Reflections.java:179 |org.reflections.Reflections |given scan urls are empty. set urls in the configuration
2024-10-23 19:57:13 |WARN  |main |NacosPropertySourceBuilder.java:87 |com.alibaba.cloud.nacos.client.NacosPropertySourceBuilder |Ignore the empty nacos configuration and get it based on dataId[notice-service] & group[DEFAULT_GROUP]
2024-10-23 19:57:13 |WARN  |main |NacosPropertySourceBuilder.java:87 |com.alibaba.cloud.nacos.client.NacosPropertySourceBuilder |Ignore the empty nacos configuration and get it based on dataId[notice-service.yaml] & group[DEFAULT_GROUP]
2024-10-23 19:57:13 |WARN  |main |NacosPropertySourceBuilder.java:87 |com.alibaba.cloud.nacos.client.NacosPropertySourceBuilder |Ignore the empty nacos configuration and get it based on dataId[notice-service-dev.yaml] & group[DEFAULT_GROUP]
2024-10-23 19:57:14 |WARN  |main |LoadBalancerCacheAutoConfiguration.java:82 |org.springframework.cloud.loadbalancer.config.LoadBalancerCacheAutoConfiguration$LoadBalancerCaffeineWarnLogger |Spring Cloud LoadBalancer is currently working with the default cache. While this cache implementation is useful for development and tests, it's recommended to use Caffeine cache in production.You can switch to using Caffeine cache, by adding it and org.springframework.cache.caffeine.CaffeineCacheManager to the classpath.
2024-10-23 19:57:15 |WARN  |pool-4-thread-1 |ZipkinAutoConfiguration.java:164 |org.springframework.cloud.sleuth.autoconfig.zipkin2.ZipkinAutoConfiguration |Check result of the [RestTemplateSender{http://localhost:9411/api/v2/spans}] contains an error [CheckResult{ok=false, error=org.springframework.web.client.ResourceAccessException: I/O error on POST request for "http://localhost:9411/api/v2/spans": Connection refused: connect; nested exception is java.net.ConnectException: Connection refused: connect}]
2024-10-23 19:57:19 |WARN  |main |Reflections.java:179 |org.reflections.Reflections |given scan urls are empty. set urls in the configuration
2024-10-23 19:57:19 |WARN  |main |Reflections.java:179 |org.reflections.Reflections |given scan urls are empty. set urls in the configuration
2024-10-23 19:57:21 |WARN  |main |LoadBalancerCacheAutoConfiguration.java:82 |org.springframework.cloud.loadbalancer.config.LoadBalancerCacheAutoConfiguration$LoadBalancerCaffeineWarnLogger |Spring Cloud LoadBalancer is currently working with the default cache. While this cache implementation is useful for development and tests, it's recommended to use Caffeine cache in production.You can switch to using Caffeine cache, by adding it and org.springframework.cache.caffeine.CaffeineCacheManager to the classpath.
2024-10-23 19:57:22 |WARN  |main |NacosPropertySourceBuilder.java:87 |com.alibaba.cloud.nacos.client.NacosPropertySourceBuilder |Ignore the empty nacos configuration and get it based on dataId[user-service] & group[DEFAULT_GROUP]
2024-10-23 19:57:22 |WARN  |main |NacosPropertySourceBuilder.java:87 |com.alibaba.cloud.nacos.client.NacosPropertySourceBuilder |Ignore the empty nacos configuration and get it based on dataId[user-service.yaml] & group[DEFAULT_GROUP]
2024-10-23 19:57:22 |WARN  |main |NacosPropertySourceBuilder.java:87 |com.alibaba.cloud.nacos.client.NacosPropertySourceBuilder |Ignore the empty nacos configuration and get it based on dataId[user-service-dev.yaml] & group[DEFAULT_GROUP]
2024-10-23 19:57:28 |WARN  |main |LoadBalancerCacheAutoConfiguration.java:82 |org.springframework.cloud.loadbalancer.config.LoadBalancerCacheAutoConfiguration$LoadBalancerCaffeineWarnLogger |Spring Cloud LoadBalancer is currently working with the default cache. While this cache implementation is useful for development and tests, it's recommended to use Caffeine cache in production.You can switch to using Caffeine cache, by adding it and org.springframework.cache.caffeine.CaffeineCacheManager to the classpath.
2024-10-23 19:57:29 |WARN  |main |LoadBalancerCacheAutoConfiguration.java:82 |org.springframework.cloud.loadbalancer.config.LoadBalancerCacheAutoConfiguration$LoadBalancerCaffeineWarnLogger |Spring Cloud LoadBalancer is currently working with the default cache. While this cache implementation is useful for development and tests, it's recommended to use Caffeine cache in production.You can switch to using Caffeine cache, by adding it and org.springframework.cache.caffeine.CaffeineCacheManager to the classpath.
2024-10-23 20:42:22 |WARN  |main |Reflections.java:179 |org.reflections.Reflections |given scan urls are empty. set urls in the configuration
2024-10-23 20:42:22 |WARN  |main |Reflections.java:179 |org.reflections.Reflections |given scan urls are empty. set urls in the configuration
2024-10-23 20:42:24 |WARN  |main |NacosPropertySourceBuilder.java:87 |com.alibaba.cloud.nacos.client.NacosPropertySourceBuilder |Ignore the empty nacos configuration and get it based on dataId[gateway-service] & group[DEFAULT_GROUP]
2024-10-23 20:42:24 |WARN  |main |NacosPropertySourceBuilder.java:87 |com.alibaba.cloud.nacos.client.NacosPropertySourceBuilder |Ignore the empty nacos configuration and get it based on dataId[gateway-service.yaml] & group[DEFAULT_GROUP]
2024-10-23 20:42:24 |WARN  |main |NacosPropertySourceBuilder.java:87 |com.alibaba.cloud.nacos.client.NacosPropertySourceBuilder |Ignore the empty nacos configuration and get it based on dataId[gateway-service-dev.yaml] & group[DEFAULT_GROUP]
2024-10-23 20:42:28 |WARN  |main |AbstractApplicationContext.java:591 |org.springframework.boot.web.servlet.context.AnnotationConfigServletWebServerApplicationContext |Exception encountered during context initialization - cancelling refresh attempt: org.springframework.beans.factory.UnsatisfiedDependencyException: Error creating bean with name 'securityConfig': Unsatisfied dependency expressed through method 'setAuthenticationConfiguration' parameter 0; nested exception is org.springframework.beans.factory.NoSuchBeanDefinitionException: No qualifying bean of type 'org.springframework.security.config.annotation.authentication.configuration.AuthenticationConfiguration' available: expected at least 1 bean which qualifies as autowire candidate. Dependency annotations: {}
2024-10-23 20:42:29 |WARN  |main |AsyncReporter.java:342 |zipkin2.reporter.AsyncReporter$BoundedAsyncReporter |Timed out waiting for in-flight spans to send
2024-10-23 20:42:29 |WARN  |Thread-1 |HttpClientBeanHolder.java:108 |com.alibaba.nacos.common.http.HttpClientBeanHolder |[HttpClientBeanHolder] Start destroying common HttpClient
2024-10-23 20:45:19 |WARN  |Thread-5 |NotifyCenter.java:136 |com.alibaba.nacos.common.notify.NotifyCenter |[NotifyCenter] Start destroying Publisher
2024-10-23 20:45:19 |WARN  |Thread-1 |HttpClientBeanHolder.java:108 |com.alibaba.nacos.common.http.HttpClientBeanHolder |[HttpClientBeanHolder] Start destroying common HttpClient
2024-10-23 20:45:19 |WARN  |Thread-5 |NotifyCenter.java:153 |com.alibaba.nacos.common.notify.NotifyCenter |[NotifyCenter] Destruction of the end
2024-10-23 20:45:19 |WARN  |Thread-1 |HttpClientBeanHolder.java:114 |com.alibaba.nacos.common.http.HttpClientBeanHolder |[HttpClientBeanHolder] Destruction of the end
2024-10-23 20:45:19 |WARN  |Thread-1 |HttpClientBeanHolder.java:108 |com.alibaba.nacos.common.http.HttpClientBeanHolder |[HttpClientBeanHolder] Start destroying common HttpClient
2024-10-23 20:45:19 |WARN  |Thread-5 |NotifyCenter.java:136 |com.alibaba.nacos.common.notify.NotifyCenter |[NotifyCenter] Start destroying Publisher
2024-10-23 20:45:19 |WARN  |Thread-5 |NotifyCenter.java:153 |com.alibaba.nacos.common.notify.NotifyCenter |[NotifyCenter] Destruction of the end
2024-10-23 20:45:19 |WARN  |Thread-1 |HttpClientBeanHolder.java:114 |com.alibaba.nacos.common.http.HttpClientBeanHolder |[HttpClientBeanHolder] Destruction of the end
2024-10-23 20:45:19 |WARN  |Thread-1 |HttpClientBeanHolder.java:108 |com.alibaba.nacos.common.http.HttpClientBeanHolder |[HttpClientBeanHolder] Start destroying common HttpClient
2024-10-23 20:45:19 |WARN  |Thread-5 |NotifyCenter.java:136 |com.alibaba.nacos.common.notify.NotifyCenter |[NotifyCenter] Start destroying Publisher
2024-10-23 20:45:19 |WARN  |Thread-5 |NotifyCenter.java:153 |com.alibaba.nacos.common.notify.NotifyCenter |[NotifyCenter] Destruction of the end
2024-10-23 20:45:19 |WARN  |Thread-1 |HttpClientBeanHolder.java:114 |com.alibaba.nacos.common.http.HttpClientBeanHolder |[HttpClientBeanHolder] Destruction of the end
2024-10-23 20:45:20 |WARN  |Thread-1 |HttpClientBeanHolder.java:108 |com.alibaba.nacos.common.http.HttpClientBeanHolder |[HttpClientBeanHolder] Start destroying common HttpClient
2024-10-23 20:45:20 |WARN  |Thread-5 |NotifyCenter.java:136 |com.alibaba.nacos.common.notify.NotifyCenter |[NotifyCenter] Start destroying Publisher
2024-10-23 20:45:20 |WARN  |Thread-5 |NotifyCenter.java:153 |com.alibaba.nacos.common.notify.NotifyCenter |[NotifyCenter] Destruction of the end
2024-10-23 20:45:20 |WARN  |Thread-1 |HttpClientBeanHolder.java:114 |com.alibaba.nacos.common.http.HttpClientBeanHolder |[HttpClientBeanHolder] Destruction of the end
