2024-10-22 19:58:04 |WARN  |main |Reflections.java:179 |org.reflections.Reflections |given scan urls are empty. set urls in the configuration
2024-10-22 19:58:04 |WARN  |main |Reflections.java:179 |org.reflections.Reflections |given scan urls are empty. set urls in the configuration
2024-10-22 19:58:07 |WARN  |main |NacosPropertySourceBuilder.java:87 |com.alibaba.cloud.nacos.client.NacosPropertySourceBuilder |Ignore the empty nacos configuration and get it based on dataId[search-service] & group[DEFAULT_GROUP]
2024-10-22 19:58:07 |WARN  |main |NacosPropertySourceBuilder.java:87 |com.alibaba.cloud.nacos.client.NacosPropertySourceBuilder |Ignore the empty nacos configuration and get it based on dataId[search-service.yaml] & group[DEFAULT_GROUP]
2024-10-22 19:58:07 |WARN  |main |NacosPropertySourceBuilder.java:87 |com.alibaba.cloud.nacos.client.NacosPropertySourceBuilder |Ignore the empty nacos configuration and get it based on dataId[search-service-dev.yaml] & group[DEFAULT_GROUP]
2024-10-22 19:58:08 |WARN  |pool-4-thread-1 |ZipkinAutoConfiguration.java:164 |org.springframework.cloud.sleuth.autoconfig.zipkin2.ZipkinAutoConfiguration |Check result of the [RestTemplateSender{http://localhost:9411/api/v2/spans}] contains an error [CheckResult{ok=false, error=org.springframework.web.client.ResourceAccessException: I/O error on POST request for "http://localhost:9411/api/v2/spans": Connection refused: connect; nested exception is java.net.ConnectException: Connection refused: connect}]
2024-10-22 19:58:15 |WARN  |main |LoadBalancerCacheAutoConfiguration.java:82 |org.springframework.cloud.loadbalancer.config.LoadBalancerCacheAutoConfiguration$LoadBalancerCaffeineWarnLogger |Spring Cloud LoadBalancer is currently working with the default cache. While this cache implementation is useful for development and tests, it's recommended to use Caffeine cache in production.You can switch to using Caffeine cache, by adding it and org.springframework.cache.caffeine.CaffeineCacheManager to the classpath.
2024-10-22 19:58:19 |WARN  |main |Reflections.java:179 |org.reflections.Reflections |given scan urls are empty. set urls in the configuration
2024-10-22 19:58:19 |WARN  |main |Reflections.java:179 |org.reflections.Reflections |given scan urls are empty. set urls in the configuration
2024-10-22 19:58:22 |WARN  |main |NacosPropertySourceBuilder.java:87 |com.alibaba.cloud.nacos.client.NacosPropertySourceBuilder |Ignore the empty nacos configuration and get it based on dataId[user-service] & group[DEFAULT_GROUP]
2024-10-22 19:58:22 |WARN  |main |NacosPropertySourceBuilder.java:87 |com.alibaba.cloud.nacos.client.NacosPropertySourceBuilder |Ignore the empty nacos configuration and get it based on dataId[user-service.yaml] & group[DEFAULT_GROUP]
2024-10-22 19:58:22 |WARN  |main |NacosPropertySourceBuilder.java:87 |com.alibaba.cloud.nacos.client.NacosPropertySourceBuilder |Ignore the empty nacos configuration and get it based on dataId[user-service-dev.yaml] & group[DEFAULT_GROUP]
2024-10-22 19:58:27 |WARN  |main |Reflections.java:179 |org.reflections.Reflections |given scan urls are empty. set urls in the configuration
2024-10-22 19:58:27 |WARN  |main |Reflections.java:179 |org.reflections.Reflections |given scan urls are empty. set urls in the configuration
2024-10-22 19:58:29 |WARN  |main |LoadBalancerCacheAutoConfiguration.java:82 |org.springframework.cloud.loadbalancer.config.LoadBalancerCacheAutoConfiguration$LoadBalancerCaffeineWarnLogger |Spring Cloud LoadBalancer is currently working with the default cache. While this cache implementation is useful for development and tests, it's recommended to use Caffeine cache in production.You can switch to using Caffeine cache, by adding it and org.springframework.cache.caffeine.CaffeineCacheManager to the classpath.
2024-10-22 19:58:30 |WARN  |main |NacosPropertySourceBuilder.java:87 |com.alibaba.cloud.nacos.client.NacosPropertySourceBuilder |Ignore the empty nacos configuration and get it based on dataId[chat-service] & group[DEFAULT_GROUP]
2024-10-22 19:58:30 |WARN  |main |NacosPropertySourceBuilder.java:87 |com.alibaba.cloud.nacos.client.NacosPropertySourceBuilder |Ignore the empty nacos configuration and get it based on dataId[chat-service.yaml] & group[DEFAULT_GROUP]
2024-10-22 19:58:30 |WARN  |main |NacosPropertySourceBuilder.java:87 |com.alibaba.cloud.nacos.client.NacosPropertySourceBuilder |Ignore the empty nacos configuration and get it based on dataId[chat-service-dev.yaml] & group[DEFAULT_GROUP]
2024-10-22 19:58:38 |WARN  |main |Reflections.java:179 |org.reflections.Reflections |given scan urls are empty. set urls in the configuration
2024-10-22 19:58:38 |WARN  |main |Reflections.java:179 |org.reflections.Reflections |given scan urls are empty. set urls in the configuration
2024-10-22 19:58:39 |WARN  |main |LoadBalancerCacheAutoConfiguration.java:82 |org.springframework.cloud.loadbalancer.config.LoadBalancerCacheAutoConfiguration$LoadBalancerCaffeineWarnLogger |Spring Cloud LoadBalancer is currently working with the default cache. While this cache implementation is useful for development and tests, it's recommended to use Caffeine cache in production.You can switch to using Caffeine cache, by adding it and org.springframework.cache.caffeine.CaffeineCacheManager to the classpath.
2024-10-22 19:58:40 |WARN  |main |NacosPropertySourceBuilder.java:87 |com.alibaba.cloud.nacos.client.NacosPropertySourceBuilder |Ignore the empty nacos configuration and get it based on dataId[notice-service] & group[DEFAULT_GROUP]
2024-10-22 19:58:40 |WARN  |main |NacosPropertySourceBuilder.java:87 |com.alibaba.cloud.nacos.client.NacosPropertySourceBuilder |Ignore the empty nacos configuration and get it based on dataId[notice-service.yaml] & group[DEFAULT_GROUP]
2024-10-22 19:58:40 |WARN  |main |NacosPropertySourceBuilder.java:87 |com.alibaba.cloud.nacos.client.NacosPropertySourceBuilder |Ignore the empty nacos configuration and get it based on dataId[notice-service-dev.yaml] & group[DEFAULT_GROUP]
2024-10-22 19:58:42 |WARN  |pool-4-thread-1 |ZipkinAutoConfiguration.java:164 |org.springframework.cloud.sleuth.autoconfig.zipkin2.ZipkinAutoConfiguration |Check result of the [RestTemplateSender{http://localhost:9411/api/v2/spans}] contains an error [CheckResult{ok=false, error=org.springframework.web.client.ResourceAccessException: I/O error on POST request for "http://localhost:9411/api/v2/spans": Connection refused: connect; nested exception is java.net.ConnectException: Connection refused: connect}]
2024-10-22 19:58:51 |WARN  |main |LoadBalancerCacheAutoConfiguration.java:82 |org.springframework.cloud.loadbalancer.config.LoadBalancerCacheAutoConfiguration$LoadBalancerCaffeineWarnLogger |Spring Cloud LoadBalancer is currently working with the default cache. While this cache implementation is useful for development and tests, it's recommended to use Caffeine cache in production.You can switch to using Caffeine cache, by adding it and org.springframework.cache.caffeine.CaffeineCacheManager to the classpath.
2024-10-22 19:58:55 |WARN  |main |Reflections.java:179 |org.reflections.Reflections |given scan urls are empty. set urls in the configuration
2024-10-22 19:58:55 |WARN  |main |Reflections.java:179 |org.reflections.Reflections |given scan urls are empty. set urls in the configuration
2024-10-22 19:58:58 |WARN  |main |NacosPropertySourceBuilder.java:87 |com.alibaba.cloud.nacos.client.NacosPropertySourceBuilder |Ignore the empty nacos configuration and get it based on dataId[gateway-service] & group[DEFAULT_GROUP]
2024-10-22 19:58:58 |WARN  |main |NacosPropertySourceBuilder.java:87 |com.alibaba.cloud.nacos.client.NacosPropertySourceBuilder |Ignore the empty nacos configuration and get it based on dataId[gateway-service.yaml] & group[DEFAULT_GROUP]
2024-10-22 19:58:58 |WARN  |main |NacosPropertySourceBuilder.java:87 |com.alibaba.cloud.nacos.client.NacosPropertySourceBuilder |Ignore the empty nacos configuration and get it based on dataId[gateway-service-dev.yaml] & group[DEFAULT_GROUP]
2024-10-22 19:59:02 |WARN  |main |AbstractApplicationContext.java:591 |org.springframework.boot.web.servlet.context.AnnotationConfigServletWebServerApplicationContext |Exception encountered during context initialization - cancelling refresh attempt: org.springframework.beans.factory.UnsatisfiedDependencyException: Error creating bean with name 'securityConfig': Unsatisfied dependency expressed through method 'setAuthenticationConfiguration' parameter 0; nested exception is org.springframework.beans.factory.NoSuchBeanDefinitionException: No qualifying bean of type 'org.springframework.security.config.annotation.authentication.configuration.AuthenticationConfiguration' available: expected at least 1 bean which qualifies as autowire candidate. Dependency annotations: {}
2024-10-22 19:59:03 |WARN  |main |AsyncReporter.java:342 |zipkin2.reporter.AsyncReporter$BoundedAsyncReporter |Timed out waiting for in-flight spans to send
2024-10-22 19:59:03 |WARN  |Thread-5 |NotifyCenter.java:136 |com.alibaba.nacos.common.notify.NotifyCenter |[NotifyCenter] Start destroying Publisher
2024-10-22 19:59:03 |WARN  |Thread-1 |HttpClientBeanHolder.java:108 |com.alibaba.nacos.common.http.HttpClientBeanHolder |[HttpClientBeanHolder] Start destroying common HttpClient
2024-10-22 19:59:03 |WARN  |Thread-5 |NotifyCenter.java:153 |com.alibaba.nacos.common.notify.NotifyCenter |[NotifyCenter] Destruction of the end
2024-10-22 20:34:02 |WARN  |Thread-5 |NotifyCenter.java:136 |com.alibaba.nacos.common.notify.NotifyCenter |[NotifyCenter] Start destroying Publisher
2024-10-22 20:34:02 |WARN  |Thread-1 |HttpClientBeanHolder.java:108 |com.alibaba.nacos.common.http.HttpClientBeanHolder |[HttpClientBeanHolder] Start destroying common HttpClient
2024-10-22 20:34:02 |WARN  |Thread-5 |NotifyCenter.java:153 |com.alibaba.nacos.common.notify.NotifyCenter |[NotifyCenter] Destruction of the end
2024-10-22 20:34:02 |WARN  |Thread-1 |HttpClientBeanHolder.java:114 |com.alibaba.nacos.common.http.HttpClientBeanHolder |[HttpClientBeanHolder] Destruction of the end
2024-10-22 20:34:02 |WARN  |Thread-1 |HttpClientBeanHolder.java:108 |com.alibaba.nacos.common.http.HttpClientBeanHolder |[HttpClientBeanHolder] Start destroying common HttpClient
2024-10-22 20:34:02 |WARN  |Thread-5 |NotifyCenter.java:136 |com.alibaba.nacos.common.notify.NotifyCenter |[NotifyCenter] Start destroying Publisher
2024-10-22 20:34:02 |WARN  |Thread-5 |NotifyCenter.java:153 |com.alibaba.nacos.common.notify.NotifyCenter |[NotifyCenter] Destruction of the end
2024-10-22 20:34:02 |WARN  |Thread-1 |HttpClientBeanHolder.java:114 |com.alibaba.nacos.common.http.HttpClientBeanHolder |[HttpClientBeanHolder] Destruction of the end
2024-10-22 20:34:02 |WARN  |Thread-1 |HttpClientBeanHolder.java:108 |com.alibaba.nacos.common.http.HttpClientBeanHolder |[HttpClientBeanHolder] Start destroying common HttpClient
2024-10-22 20:34:02 |WARN  |Thread-5 |NotifyCenter.java:136 |com.alibaba.nacos.common.notify.NotifyCenter |[NotifyCenter] Start destroying Publisher
2024-10-22 20:34:02 |WARN  |Thread-5 |NotifyCenter.java:153 |com.alibaba.nacos.common.notify.NotifyCenter |[NotifyCenter] Destruction of the end
2024-10-22 20:34:02 |WARN  |Thread-1 |HttpClientBeanHolder.java:114 |com.alibaba.nacos.common.http.HttpClientBeanHolder |[HttpClientBeanHolder] Destruction of the end
2024-10-22 20:34:02 |WARN  |Thread-5 |NotifyCenter.java:136 |com.alibaba.nacos.common.notify.NotifyCenter |[NotifyCenter] Start destroying Publisher
2024-10-22 20:34:02 |WARN  |Thread-1 |HttpClientBeanHolder.java:108 |com.alibaba.nacos.common.http.HttpClientBeanHolder |[HttpClientBeanHolder] Start destroying common HttpClient
2024-10-22 20:34:02 |WARN  |Thread-5 |NotifyCenter.java:153 |com.alibaba.nacos.common.notify.NotifyCenter |[NotifyCenter] Destruction of the end
2024-10-22 20:34:02 |WARN  |Thread-1 |HttpClientBeanHolder.java:114 |com.alibaba.nacos.common.http.HttpClientBeanHolder |[HttpClientBeanHolder] Destruction of the end
2024-10-22 20:34:13 |WARN  |main |Reflections.java:179 |org.reflections.Reflections |given scan urls are empty. set urls in the configuration
2024-10-22 20:34:13 |WARN  |main |Reflections.java:179 |org.reflections.Reflections |given scan urls are empty. set urls in the configuration
2024-10-22 20:34:16 |WARN  |main |Reflections.java:179 |org.reflections.Reflections |given scan urls are empty. set urls in the configuration
2024-10-22 20:34:16 |WARN  |main |Reflections.java:179 |org.reflections.Reflections |given scan urls are empty. set urls in the configuration
2024-10-22 20:34:17 |WARN  |main |NacosPropertySourceBuilder.java:87 |com.alibaba.cloud.nacos.client.NacosPropertySourceBuilder |Ignore the empty nacos configuration and get it based on dataId[user-service] & group[DEFAULT_GROUP]
2024-10-22 20:34:17 |WARN  |main |NacosPropertySourceBuilder.java:87 |com.alibaba.cloud.nacos.client.NacosPropertySourceBuilder |Ignore the empty nacos configuration and get it based on dataId[user-service.yaml] & group[DEFAULT_GROUP]
2024-10-22 20:34:17 |WARN  |main |NacosPropertySourceBuilder.java:87 |com.alibaba.cloud.nacos.client.NacosPropertySourceBuilder |Ignore the empty nacos configuration and get it based on dataId[user-service-dev.yaml] & group[DEFAULT_GROUP]
2024-10-22 20:34:19 |WARN  |main |Reflections.java:179 |org.reflections.Reflections |given scan urls are empty. set urls in the configuration
2024-10-22 20:34:19 |WARN  |main |Reflections.java:179 |org.reflections.Reflections |given scan urls are empty. set urls in the configuration
2024-10-22 20:34:20 |WARN  |main |NacosPropertySourceBuilder.java:87 |com.alibaba.cloud.nacos.client.NacosPropertySourceBuilder |Ignore the empty nacos configuration and get it based on dataId[search-service] & group[DEFAULT_GROUP]
2024-10-22 20:34:20 |WARN  |main |NacosPropertySourceBuilder.java:87 |com.alibaba.cloud.nacos.client.NacosPropertySourceBuilder |Ignore the empty nacos configuration and get it based on dataId[search-service.yaml] & group[DEFAULT_GROUP]
2024-10-22 20:34:20 |WARN  |main |NacosPropertySourceBuilder.java:87 |com.alibaba.cloud.nacos.client.NacosPropertySourceBuilder |Ignore the empty nacos configuration and get it based on dataId[search-service-dev.yaml] & group[DEFAULT_GROUP]
2024-10-22 20:34:20 |WARN  |main |AbstractApplicationContext.java:591 |org.springframework.boot.web.servlet.context.AnnotationConfigServletWebServerApplicationContext |Exception encountered during context initialization - cancelling refresh attempt: org.springframework.beans.factory.BeanDefinitionStoreException: Failed to parse configuration class [com.bilibili.search.SearchApplication]; nested exception is org.springframework.context.annotation.ConflictingBeanDefinitionException: Annotation-specified bean name 'redisConfig' for bean class [com.bilibili.common.config.RedisConfig] conflicts with existing, non-compatible bean definition of same name and class [com.bilibili.search.config.RedisConfig]
2024-10-22 20:34:20 |WARN  |Thread-1 |HttpClientBeanHolder.java:108 |com.alibaba.nacos.common.http.HttpClientBeanHolder |[HttpClientBeanHolder] Start destroying common HttpClient
2024-10-22 20:34:20 |WARN  |Thread-5 |NotifyCenter.java:136 |com.alibaba.nacos.common.notify.NotifyCenter |[NotifyCenter] Start destroying Publisher
2024-10-22 20:34:20 |WARN  |Thread-5 |NotifyCenter.java:153 |com.alibaba.nacos.common.notify.NotifyCenter |[NotifyCenter] Destruction of the end
2024-10-22 20:34:20 |WARN  |Thread-1 |HttpClientBeanHolder.java:114 |com.alibaba.nacos.common.http.HttpClientBeanHolder |[HttpClientBeanHolder] Destruction of the end
2024-10-22 20:34:21 |WARN  |main |Reflections.java:179 |org.reflections.Reflections |given scan urls are empty. set urls in the configuration
2024-10-22 20:34:21 |WARN  |main |Reflections.java:179 |org.reflections.Reflections |given scan urls are empty. set urls in the configuration
2024-10-22 20:34:23 |WARN  |main |NacosPropertySourceBuilder.java:87 |com.alibaba.cloud.nacos.client.NacosPropertySourceBuilder |Ignore the empty nacos configuration and get it based on dataId[chat-service] & group[DEFAULT_GROUP]
2024-10-22 20:34:23 |WARN  |main |NacosPropertySourceBuilder.java:87 |com.alibaba.cloud.nacos.client.NacosPropertySourceBuilder |Ignore the empty nacos configuration and get it based on dataId[chat-service.yaml] & group[DEFAULT_GROUP]
2024-10-22 20:34:23 |WARN  |main |NacosPropertySourceBuilder.java:87 |com.alibaba.cloud.nacos.client.NacosPropertySourceBuilder |Ignore the empty nacos configuration and get it based on dataId[chat-service-dev.yaml] & group[DEFAULT_GROUP]
2024-10-22 20:34:25 |WARN  |main |LoadBalancerCacheAutoConfiguration.java:82 |org.springframework.cloud.loadbalancer.config.LoadBalancerCacheAutoConfiguration$LoadBalancerCaffeineWarnLogger |Spring Cloud LoadBalancer is currently working with the default cache. While this cache implementation is useful for development and tests, it's recommended to use Caffeine cache in production.You can switch to using Caffeine cache, by adding it and org.springframework.cache.caffeine.CaffeineCacheManager to the classpath.
2024-10-22 20:34:25 |WARN  |main |NacosPropertySourceBuilder.java:87 |com.alibaba.cloud.nacos.client.NacosPropertySourceBuilder |Ignore the empty nacos configuration and get it based on dataId[notice-service] & group[DEFAULT_GROUP]
2024-10-22 20:34:25 |WARN  |main |NacosPropertySourceBuilder.java:87 |com.alibaba.cloud.nacos.client.NacosPropertySourceBuilder |Ignore the empty nacos configuration and get it based on dataId[notice-service.yaml] & group[DEFAULT_GROUP]
2024-10-22 20:34:25 |WARN  |main |NacosPropertySourceBuilder.java:87 |com.alibaba.cloud.nacos.client.NacosPropertySourceBuilder |Ignore the empty nacos configuration and get it based on dataId[notice-service-dev.yaml] & group[DEFAULT_GROUP]
2024-10-22 20:34:26 |WARN  |main |AbstractApplicationContext.java:591 |org.springframework.boot.web.servlet.context.AnnotationConfigServletWebServerApplicationContext |Exception encountered during context initialization - cancelling refresh attempt: org.springframework.beans.factory.BeanDefinitionStoreException: Failed to parse configuration class [com.bilibili.notice.NoticeApplication]; nested exception is org.springframework.context.annotation.ConflictingBeanDefinitionException: Annotation-specified bean name 'redisConfig' for bean class [com.bilibili.common.config.RedisConfig] conflicts with existing, non-compatible bean definition of same name and class [com.bilibili.notice.config.RedisConfig]
2024-10-22 20:34:26 |WARN  |Thread-5 |NotifyCenter.java:136 |com.alibaba.nacos.common.notify.NotifyCenter |[NotifyCenter] Start destroying Publisher
2024-10-22 20:34:26 |WARN  |Thread-1 |HttpClientBeanHolder.java:108 |com.alibaba.nacos.common.http.HttpClientBeanHolder |[HttpClientBeanHolder] Start destroying common HttpClient
2024-10-22 20:34:30 |WARN  |main |LoadBalancerCacheAutoConfiguration.java:82 |org.springframework.cloud.loadbalancer.config.LoadBalancerCacheAutoConfiguration$LoadBalancerCaffeineWarnLogger |Spring Cloud LoadBalancer is currently working with the default cache. While this cache implementation is useful for development and tests, it's recommended to use Caffeine cache in production.You can switch to using Caffeine cache, by adding it and org.springframework.cache.caffeine.CaffeineCacheManager to the classpath.
2024-10-22 20:36:26 |WARN  |Thread-5 |NotifyCenter.java:136 |com.alibaba.nacos.common.notify.NotifyCenter |[NotifyCenter] Start destroying Publisher
2024-10-22 20:36:26 |WARN  |Thread-1 |HttpClientBeanHolder.java:108 |com.alibaba.nacos.common.http.HttpClientBeanHolder |[HttpClientBeanHolder] Start destroying common HttpClient
2024-10-22 20:36:26 |WARN  |Thread-5 |NotifyCenter.java:153 |com.alibaba.nacos.common.notify.NotifyCenter |[NotifyCenter] Destruction of the end
2024-10-22 20:36:26 |WARN  |Thread-1 |HttpClientBeanHolder.java:114 |com.alibaba.nacos.common.http.HttpClientBeanHolder |[HttpClientBeanHolder] Destruction of the end
2024-10-22 20:36:27 |WARN  |Thread-1 |HttpClientBeanHolder.java:108 |com.alibaba.nacos.common.http.HttpClientBeanHolder |[HttpClientBeanHolder] Start destroying common HttpClient
2024-10-22 20:36:27 |WARN  |Thread-5 |NotifyCenter.java:136 |com.alibaba.nacos.common.notify.NotifyCenter |[NotifyCenter] Start destroying Publisher
2024-10-22 20:36:27 |WARN  |Thread-5 |NotifyCenter.java:153 |com.alibaba.nacos.common.notify.NotifyCenter |[NotifyCenter] Destruction of the end
2024-10-22 20:36:27 |WARN  |Thread-1 |HttpClientBeanHolder.java:114 |com.alibaba.nacos.common.http.HttpClientBeanHolder |[HttpClientBeanHolder] Destruction of the end
2024-10-22 20:36:42 |WARN  |main |Reflections.java:179 |org.reflections.Reflections |given scan urls are empty. set urls in the configuration
2024-10-22 20:36:42 |WARN  |main |Reflections.java:179 |org.reflections.Reflections |given scan urls are empty. set urls in the configuration
2024-10-22 20:36:44 |WARN  |main |Reflections.java:179 |org.reflections.Reflections |given scan urls are empty. set urls in the configuration
2024-10-22 20:36:44 |WARN  |main |Reflections.java:179 |org.reflections.Reflections |given scan urls are empty. set urls in the configuration
2024-10-22 20:36:46 |WARN  |main |NacosPropertySourceBuilder.java:87 |com.alibaba.cloud.nacos.client.NacosPropertySourceBuilder |Ignore the empty nacos configuration and get it based on dataId[search-service] & group[DEFAULT_GROUP]
2024-10-22 20:36:46 |WARN  |main |NacosPropertySourceBuilder.java:87 |com.alibaba.cloud.nacos.client.NacosPropertySourceBuilder |Ignore the empty nacos configuration and get it based on dataId[search-service.yaml] & group[DEFAULT_GROUP]
2024-10-22 20:36:46 |WARN  |main |NacosPropertySourceBuilder.java:87 |com.alibaba.cloud.nacos.client.NacosPropertySourceBuilder |Ignore the empty nacos configuration and get it based on dataId[search-service-dev.yaml] & group[DEFAULT_GROUP]
2024-10-22 20:36:47 |WARN  |main |Reflections.java:179 |org.reflections.Reflections |given scan urls are empty. set urls in the configuration
2024-10-22 20:36:47 |WARN  |main |Reflections.java:179 |org.reflections.Reflections |given scan urls are empty. set urls in the configuration
2024-10-22 20:36:48 |WARN  |pool-4-thread-1 |ZipkinAutoConfiguration.java:164 |org.springframework.cloud.sleuth.autoconfig.zipkin2.ZipkinAutoConfiguration |Check result of the [RestTemplateSender{http://localhost:9411/api/v2/spans}] contains an error [CheckResult{ok=false, error=org.springframework.web.client.ResourceAccessException: I/O error on POST request for "http://localhost:9411/api/v2/spans": Connection refused: connect; nested exception is java.net.ConnectException: Connection refused: connect}]
2024-10-22 20:36:48 |WARN  |main |NacosPropertySourceBuilder.java:87 |com.alibaba.cloud.nacos.client.NacosPropertySourceBuilder |Ignore the empty nacos configuration and get it based on dataId[chat-service] & group[DEFAULT_GROUP]
2024-10-22 20:36:48 |WARN  |main |NacosPropertySourceBuilder.java:87 |com.alibaba.cloud.nacos.client.NacosPropertySourceBuilder |Ignore the empty nacos configuration and get it based on dataId[chat-service.yaml] & group[DEFAULT_GROUP]
2024-10-22 20:36:48 |WARN  |main |NacosPropertySourceBuilder.java:87 |com.alibaba.cloud.nacos.client.NacosPropertySourceBuilder |Ignore the empty nacos configuration and get it based on dataId[chat-service-dev.yaml] & group[DEFAULT_GROUP]
2024-10-22 20:36:50 |WARN  |main |Reflections.java:179 |org.reflections.Reflections |given scan urls are empty. set urls in the configuration
2024-10-22 20:36:50 |WARN  |main |Reflections.java:179 |org.reflections.Reflections |given scan urls are empty. set urls in the configuration
2024-10-22 20:36:51 |WARN  |main |NacosPropertySourceBuilder.java:87 |com.alibaba.cloud.nacos.client.NacosPropertySourceBuilder |Ignore the empty nacos configuration and get it based on dataId[notice-service] & group[DEFAULT_GROUP]
2024-10-22 20:36:51 |WARN  |main |NacosPropertySourceBuilder.java:87 |com.alibaba.cloud.nacos.client.NacosPropertySourceBuilder |Ignore the empty nacos configuration and get it based on dataId[notice-service.yaml] & group[DEFAULT_GROUP]
2024-10-22 20:36:51 |WARN  |main |NacosPropertySourceBuilder.java:87 |com.alibaba.cloud.nacos.client.NacosPropertySourceBuilder |Ignore the empty nacos configuration and get it based on dataId[notice-service-dev.yaml] & group[DEFAULT_GROUP]
2024-10-22 20:36:52 |WARN  |pool-4-thread-1 |ZipkinAutoConfiguration.java:164 |org.springframework.cloud.sleuth.autoconfig.zipkin2.ZipkinAutoConfiguration |Check result of the [RestTemplateSender{http://localhost:9411/api/v2/spans}] contains an error [CheckResult{ok=false, error=org.springframework.web.client.ResourceAccessException: I/O error on POST request for "http://localhost:9411/api/v2/spans": Connection refused: connect; nested exception is java.net.ConnectException: Connection refused: connect}]
2024-10-22 20:36:54 |WARN  |main |NacosPropertySourceBuilder.java:87 |com.alibaba.cloud.nacos.client.NacosPropertySourceBuilder |Ignore the empty nacos configuration and get it based on dataId[user-service] & group[DEFAULT_GROUP]
2024-10-22 20:36:54 |WARN  |main |NacosPropertySourceBuilder.java:87 |com.alibaba.cloud.nacos.client.NacosPropertySourceBuilder |Ignore the empty nacos configuration and get it based on dataId[user-service.yaml] & group[DEFAULT_GROUP]
2024-10-22 20:36:54 |WARN  |main |NacosPropertySourceBuilder.java:87 |com.alibaba.cloud.nacos.client.NacosPropertySourceBuilder |Ignore the empty nacos configuration and get it based on dataId[user-service-dev.yaml] & group[DEFAULT_GROUP]
2024-10-22 20:36:58 |WARN  |main |LoadBalancerCacheAutoConfiguration.java:82 |org.springframework.cloud.loadbalancer.config.LoadBalancerCacheAutoConfiguration$LoadBalancerCaffeineWarnLogger |Spring Cloud LoadBalancer is currently working with the default cache. While this cache implementation is useful for development and tests, it's recommended to use Caffeine cache in production.You can switch to using Caffeine cache, by adding it and org.springframework.cache.caffeine.CaffeineCacheManager to the classpath.
2024-10-22 20:36:59 |WARN  |main |LoadBalancerCacheAutoConfiguration.java:82 |org.springframework.cloud.loadbalancer.config.LoadBalancerCacheAutoConfiguration$LoadBalancerCaffeineWarnLogger |Spring Cloud LoadBalancer is currently working with the default cache. While this cache implementation is useful for development and tests, it's recommended to use Caffeine cache in production.You can switch to using Caffeine cache, by adding it and org.springframework.cache.caffeine.CaffeineCacheManager to the classpath.
2024-10-22 20:37:02 |WARN  |main |LoadBalancerCacheAutoConfiguration.java:82 |org.springframework.cloud.loadbalancer.config.LoadBalancerCacheAutoConfiguration$LoadBalancerCaffeineWarnLogger |Spring Cloud LoadBalancer is currently working with the default cache. While this cache implementation is useful for development and tests, it's recommended to use Caffeine cache in production.You can switch to using Caffeine cache, by adding it and org.springframework.cache.caffeine.CaffeineCacheManager to the classpath.
2024-10-22 20:37:05 |WARN  |main |LoadBalancerCacheAutoConfiguration.java:82 |org.springframework.cloud.loadbalancer.config.LoadBalancerCacheAutoConfiguration$LoadBalancerCaffeineWarnLogger |Spring Cloud LoadBalancer is currently working with the default cache. While this cache implementation is useful for development and tests, it's recommended to use Caffeine cache in production.You can switch to using Caffeine cache, by adding it and org.springframework.cache.caffeine.CaffeineCacheManager to the classpath.
2024-10-22 20:40:03 |WARN  |main |Reflections.java:179 |org.reflections.Reflections |given scan urls are empty. set urls in the configuration
2024-10-22 20:40:03 |WARN  |main |Reflections.java:179 |org.reflections.Reflections |given scan urls are empty. set urls in the configuration
2024-10-22 20:40:13 |WARN  |main |NacosPropertySourceBuilder.java:87 |com.alibaba.cloud.nacos.client.NacosPropertySourceBuilder |Ignore the empty nacos configuration and get it based on dataId[gateway] & group[DEFAULT_GROUP]
2024-10-22 20:40:14 |WARN  |main |NacosPropertySourceBuilder.java:87 |com.alibaba.cloud.nacos.client.NacosPropertySourceBuilder |Ignore the empty nacos configuration and get it based on dataId[gateway.yaml] & group[DEFAULT_GROUP]
2024-10-22 20:40:14 |WARN  |main |Logger.java:44 |org.mybatis.spring.mapper.ClassPathMapperScanner |No MyBatis mapper was found in '[com.bilibili.gateway]' package. Please check your configuration.
2024-10-22 20:40:15 |WARN  |main |AbstractApplicationContext.java:591 |org.springframework.boot.web.servlet.context.AnnotationConfigServletWebServerApplicationContext |Exception encountered during context initialization - cancelling refresh attempt: org.springframework.beans.factory.UnsatisfiedDependencyException: Error creating bean with name 'authGlobalFilter' defined in file [E:\project\idea\bilibili-backend\bilibili\bilibili-gateway\target\classes\com\bilibili\gateway\filters\AuthGlobalFilter.class]: Unsatisfied dependency expressed through constructor parameter 1; nested exception is org.springframework.beans.factory.UnsatisfiedDependencyException: Error creating bean with name 'jwtTool' defined in file [E:\project\idea\bilibili-backend\bilibili\bilibili-gateway\target\classes\com\bilibili\gateway\utils\JwtTool.class]: Unsatisfied dependency expressed through constructor parameter 0; nested exception is org.springframework.beans.factory.BeanCreationException: Error creating bean with name 'keyPair' defined in class path resource [com/bilibili/gateway/config/SecurityConfig.class]: Bean instantiation via factory method failed; nested exception is org.springframework.beans.BeanInstantiationException: Failed to instantiate [java.security.KeyPair]: Factory method 'keyPair' threw exception; nested exception is java.lang.IllegalStateException: Cannot load keys from store: class path resource [bilibili.jks]
2024-10-22 20:40:16 |WARN  |Thread-5 |NotifyCenter.java:136 |com.alibaba.nacos.common.notify.NotifyCenter |[NotifyCenter] Start destroying Publisher
2024-10-22 20:40:16 |WARN  |Thread-1 |HttpClientBeanHolder.java:108 |com.alibaba.nacos.common.http.HttpClientBeanHolder |[HttpClientBeanHolder] Start destroying common HttpClient
2024-10-22 20:41:09 |WARN  |main |Reflections.java:179 |org.reflections.Reflections |given scan urls are empty. set urls in the configuration
2024-10-22 20:41:09 |WARN  |main |Reflections.java:179 |org.reflections.Reflections |given scan urls are empty. set urls in the configuration
2024-10-22 20:41:20 |WARN  |main |NacosPropertySourceBuilder.java:87 |com.alibaba.cloud.nacos.client.NacosPropertySourceBuilder |Ignore the empty nacos configuration and get it based on dataId[gateway] & group[DEFAULT_GROUP]
2024-10-22 20:41:20 |WARN  |main |NacosPropertySourceBuilder.java:87 |com.alibaba.cloud.nacos.client.NacosPropertySourceBuilder |Ignore the empty nacos configuration and get it based on dataId[gateway.yaml] & group[DEFAULT_GROUP]
2024-10-22 20:41:20 |WARN  |main |Logger.java:44 |org.mybatis.spring.mapper.ClassPathMapperScanner |No MyBatis mapper was found in '[com.bilibili.gateway]' package. Please check your configuration.
2024-10-22 20:41:22 |WARN  |main |AbstractApplicationContext.java:591 |org.springframework.boot.web.servlet.context.AnnotationConfigServletWebServerApplicationContext |Exception encountered during context initialization - cancelling refresh attempt: org.springframework.beans.factory.BeanCreationException: Error creating bean with name 'org.springframework.cloud.gateway.config.GatewayClassPathWarningAutoConfiguration$SpringMvcFoundOnClasspathConfiguration': Instantiation of bean failed; nested exception is org.springframework.beans.BeanInstantiationException: Failed to instantiate [org.springframework.cloud.gateway.config.GatewayClassPathWarningAutoConfiguration$SpringMvcFoundOnClasspathConfiguration]: Constructor threw exception; nested exception is org.springframework.cloud.gateway.support.MvcFoundOnClasspathException
2024-10-22 20:41:22 |WARN  |Thread-1 |HttpClientBeanHolder.java:108 |com.alibaba.nacos.common.http.HttpClientBeanHolder |[HttpClientBeanHolder] Start destroying common HttpClient
2024-10-22 20:41:22 |WARN  |Thread-5 |NotifyCenter.java:136 |com.alibaba.nacos.common.notify.NotifyCenter |[NotifyCenter] Start destroying Publisher
2024-10-22 20:41:22 |WARN  |Thread-5 |NotifyCenter.java:153 |com.alibaba.nacos.common.notify.NotifyCenter |[NotifyCenter] Destruction of the end
2024-10-22 20:45:40 |WARN  |main |Reflections.java:179 |org.reflections.Reflections |given scan urls are empty. set urls in the configuration
2024-10-22 20:45:40 |WARN  |main |Reflections.java:179 |org.reflections.Reflections |given scan urls are empty. set urls in the configuration
2024-10-22 20:45:50 |WARN  |main |NacosPropertySourceBuilder.java:87 |com.alibaba.cloud.nacos.client.NacosPropertySourceBuilder |Ignore the empty nacos configuration and get it based on dataId[gateway] & group[DEFAULT_GROUP]
2024-10-22 20:45:50 |WARN  |main |NacosPropertySourceBuilder.java:87 |com.alibaba.cloud.nacos.client.NacosPropertySourceBuilder |Ignore the empty nacos configuration and get it based on dataId[gateway.yaml] & group[DEFAULT_GROUP]
2024-10-22 20:45:51 |WARN  |main |Logger.java:44 |org.mybatis.spring.mapper.ClassPathMapperScanner |No MyBatis mapper was found in '[com.bilibili.gateway]' package. Please check your configuration.
2024-10-22 20:45:52 |WARN  |main |AbstractApplicationContext.java:591 |org.springframework.boot.web.servlet.context.AnnotationConfigServletWebServerApplicationContext |Exception encountered during context initialization - cancelling refresh attempt: org.springframework.beans.factory.BeanCreationException: Error creating bean with name 'org.springframework.cloud.gateway.config.GatewayClassPathWarningAutoConfiguration$SpringMvcFoundOnClasspathConfiguration': Instantiation of bean failed; nested exception is org.springframework.beans.BeanInstantiationException: Failed to instantiate [org.springframework.cloud.gateway.config.GatewayClassPathWarningAutoConfiguration$SpringMvcFoundOnClasspathConfiguration]: Constructor threw exception; nested exception is org.springframework.cloud.gateway.support.MvcFoundOnClasspathException
2024-10-22 20:45:53 |WARN  |Thread-5 |NotifyCenter.java:136 |com.alibaba.nacos.common.notify.NotifyCenter |[NotifyCenter] Start destroying Publisher
2024-10-22 20:45:53 |WARN  |Thread-1 |HttpClientBeanHolder.java:108 |com.alibaba.nacos.common.http.HttpClientBeanHolder |[HttpClientBeanHolder] Start destroying common HttpClient
2024-10-22 20:45:53 |WARN  |Thread-5 |NotifyCenter.java:153 |com.alibaba.nacos.common.notify.NotifyCenter |[NotifyCenter] Destruction of the end
2024-10-22 20:47:16 |WARN  |main |Reflections.java:179 |org.reflections.Reflections |given scan urls are empty. set urls in the configuration
2024-10-22 20:47:16 |WARN  |main |Reflections.java:179 |org.reflections.Reflections |given scan urls are empty. set urls in the configuration
2024-10-22 20:47:18 |WARN  |main |NacosPropertySourceBuilder.java:87 |com.alibaba.cloud.nacos.client.NacosPropertySourceBuilder |Ignore the empty nacos configuration and get it based on dataId[gateway] & group[DEFAULT_GROUP]
2024-10-22 20:47:18 |WARN  |main |NacosPropertySourceBuilder.java:87 |com.alibaba.cloud.nacos.client.NacosPropertySourceBuilder |Ignore the empty nacos configuration and get it based on dataId[gateway.properties] & group[DEFAULT_GROUP]
2024-10-22 20:47:19 |WARN  |main |Logger.java:44 |org.mybatis.spring.mapper.ClassPathMapperScanner |No MyBatis mapper was found in '[com.bilibili.gateway]' package. Please check your configuration.
2024-10-22 20:47:20 |WARN  |main |AbstractApplicationContext.java:591 |org.springframework.boot.web.servlet.context.AnnotationConfigServletWebServerApplicationContext |Exception encountered during context initialization - cancelling refresh attempt: org.springframework.beans.factory.BeanCreationException: Error creating bean with name 'org.springframework.cloud.gateway.config.GatewayClassPathWarningAutoConfiguration$SpringMvcFoundOnClasspathConfiguration': Instantiation of bean failed; nested exception is org.springframework.beans.BeanInstantiationException: Failed to instantiate [org.springframework.cloud.gateway.config.GatewayClassPathWarningAutoConfiguration$SpringMvcFoundOnClasspathConfiguration]: Constructor threw exception; nested exception is org.springframework.cloud.gateway.support.MvcFoundOnClasspathException
2024-10-22 20:47:20 |WARN  |Thread-1 |HttpClientBeanHolder.java:108 |com.alibaba.nacos.common.http.HttpClientBeanHolder |[HttpClientBeanHolder] Start destroying common HttpClient
2024-10-22 20:47:20 |WARN  |Thread-5 |NotifyCenter.java:136 |com.alibaba.nacos.common.notify.NotifyCenter |[NotifyCenter] Start destroying Publisher
2024-10-22 20:47:20 |WARN  |Thread-5 |NotifyCenter.java:153 |com.alibaba.nacos.common.notify.NotifyCenter |[NotifyCenter] Destruction of the end
2024-10-22 20:47:20 |WARN  |Thread-1 |HttpClientBeanHolder.java:114 |com.alibaba.nacos.common.http.HttpClientBeanHolder |[HttpClientBeanHolder] Destruction of the end
2024-10-22 20:53:04 |WARN  |main |Reflections.java:179 |org.reflections.Reflections |given scan urls are empty. set urls in the configuration
2024-10-22 20:53:04 |WARN  |main |Reflections.java:179 |org.reflections.Reflections |given scan urls are empty. set urls in the configuration
2024-10-22 20:53:14 |WARN  |main |NacosPropertySourceBuilder.java:87 |com.alibaba.cloud.nacos.client.NacosPropertySourceBuilder |Ignore the empty nacos configuration and get it based on dataId[gateway] & group[DEFAULT_GROUP]
2024-10-22 20:53:15 |WARN  |main |NacosPropertySourceBuilder.java:87 |com.alibaba.cloud.nacos.client.NacosPropertySourceBuilder |Ignore the empty nacos configuration and get it based on dataId[gateway.yaml] & group[DEFAULT_GROUP]
2024-10-22 20:53:15 |WARN  |main |Logger.java:44 |org.mybatis.spring.mapper.ClassPathMapperScanner |No MyBatis mapper was found in '[com.bilibili.gateway]' package. Please check your configuration.
2024-10-22 20:53:16 |WARN  |main |AbstractApplicationContext.java:591 |org.springframework.boot.web.servlet.context.AnnotationConfigServletWebServerApplicationContext |Exception encountered during context initialization - cancelling refresh attempt: org.springframework.beans.factory.UnsatisfiedDependencyException: Error creating bean with name 'authGlobalFilter' defined in file [E:\project\idea\bilibili-backend\bilibili\bilibili-gateway\target\classes\com\bilibili\gateway\filters\AuthGlobalFilter.class]: Unsatisfied dependency expressed through constructor parameter 1; nested exception is org.springframework.beans.factory.UnsatisfiedDependencyException: Error creating bean with name 'jwtTool' defined in file [E:\project\idea\bilibili-backend\bilibili\bilibili-gateway\target\classes\com\bilibili\gateway\utils\JwtTool.class]: Unsatisfied dependency expressed through constructor parameter 0; nested exception is org.springframework.beans.factory.BeanCreationException: Error creating bean with name 'keyPair' defined in class path resource [com/bilibili/gateway/config/SecurityConfig.class]: Bean instantiation via factory method failed; nested exception is org.springframework.beans.BeanInstantiationException: Failed to instantiate [java.security.KeyPair]: Factory method 'keyPair' threw exception; nested exception is java.lang.IllegalStateException: Cannot load keys from store: class path resource [bilibili.jks]
2024-10-22 20:53:17 |WARN  |Thread-5 |NotifyCenter.java:136 |com.alibaba.nacos.common.notify.NotifyCenter |[NotifyCenter] Start destroying Publisher
2024-10-22 20:53:17 |WARN  |Thread-1 |HttpClientBeanHolder.java:108 |com.alibaba.nacos.common.http.HttpClientBeanHolder |[HttpClientBeanHolder] Start destroying common HttpClient
2024-10-22 20:53:17 |WARN  |Thread-5 |NotifyCenter.java:153 |com.alibaba.nacos.common.notify.NotifyCenter |[NotifyCenter] Destruction of the end
2024-10-22 20:54:37 |WARN  |main |Reflections.java:179 |org.reflections.Reflections |given scan urls are empty. set urls in the configuration
2024-10-22 20:54:37 |WARN  |main |Reflections.java:179 |org.reflections.Reflections |given scan urls are empty. set urls in the configuration
2024-10-22 20:54:48 |WARN  |main |NacosPropertySourceBuilder.java:87 |com.alibaba.cloud.nacos.client.NacosPropertySourceBuilder |Ignore the empty nacos configuration and get it based on dataId[gateway] & group[DEFAULT_GROUP]
2024-10-22 20:54:48 |WARN  |main |NacosPropertySourceBuilder.java:87 |com.alibaba.cloud.nacos.client.NacosPropertySourceBuilder |Ignore the empty nacos configuration and get it based on dataId[gateway.yaml] & group[DEFAULT_GROUP]
2024-10-22 20:54:49 |WARN  |main |Logger.java:44 |org.mybatis.spring.mapper.ClassPathMapperScanner |No MyBatis mapper was found in '[com.bilibili.gateway]' package. Please check your configuration.
2024-10-22 20:54:50 |WARN  |main |AbstractApplicationContext.java:591 |org.springframework.boot.web.servlet.context.AnnotationConfigServletWebServerApplicationContext |Exception encountered during context initialization - cancelling refresh attempt: org.springframework.beans.factory.UnsatisfiedDependencyException: Error creating bean with name 'authGlobalFilter' defined in file [E:\project\idea\bilibili-backend\bilibili\bilibili-gateway\target\classes\com\bilibili\gateway\filters\AuthGlobalFilter.class]: Unsatisfied dependency expressed through constructor parameter 1; nested exception is org.springframework.beans.factory.UnsatisfiedDependencyException: Error creating bean with name 'jwtTool' defined in file [E:\project\idea\bilibili-backend\bilibili\bilibili-gateway\target\classes\com\bilibili\gateway\utils\JwtTool.class]: Unsatisfied dependency expressed through constructor parameter 0; nested exception is org.springframework.beans.factory.BeanCreationException: Error creating bean with name 'keyPair' defined in class path resource [com/bilibili/gateway/config/SecurityConfig.class]: Bean instantiation via factory method failed; nested exception is org.springframework.beans.BeanInstantiationException: Failed to instantiate [java.security.KeyPair]: Factory method 'keyPair' threw exception; nested exception is java.lang.IllegalStateException: Cannot load keys from store: class path resource [bilibili.jks]
2024-10-22 20:54:50 |WARN  |Thread-5 |NotifyCenter.java:136 |com.alibaba.nacos.common.notify.NotifyCenter |[NotifyCenter] Start destroying Publisher
2024-10-22 20:54:50 |WARN  |Thread-5 |NotifyCenter.java:153 |com.alibaba.nacos.common.notify.NotifyCenter |[NotifyCenter] Destruction of the end
2024-10-22 20:54:50 |WARN  |Thread-1 |HttpClientBeanHolder.java:108 |com.alibaba.nacos.common.http.HttpClientBeanHolder |[HttpClientBeanHolder] Start destroying common HttpClient
2024-10-22 20:57:38 |WARN  |main |Reflections.java:179 |org.reflections.Reflections |given scan urls are empty. set urls in the configuration
2024-10-22 20:57:38 |WARN  |main |Reflections.java:179 |org.reflections.Reflections |given scan urls are empty. set urls in the configuration
2024-10-22 20:57:48 |WARN  |main |NacosPropertySourceBuilder.java:87 |com.alibaba.cloud.nacos.client.NacosPropertySourceBuilder |Ignore the empty nacos configuration and get it based on dataId[gateway] & group[DEFAULT_GROUP]
2024-10-22 20:57:49 |WARN  |main |NacosPropertySourceBuilder.java:87 |com.alibaba.cloud.nacos.client.NacosPropertySourceBuilder |Ignore the empty nacos configuration and get it based on dataId[gateway.yaml] & group[DEFAULT_GROUP]
2024-10-22 20:57:49 |WARN  |main |Logger.java:44 |org.mybatis.spring.mapper.ClassPathMapperScanner |No MyBatis mapper was found in '[com.bilibili.gateway]' package. Please check your configuration.
2024-10-22 20:57:50 |WARN  |main |AbstractApplicationContext.java:591 |org.springframework.boot.web.servlet.context.AnnotationConfigServletWebServerApplicationContext |Exception encountered during context initialization - cancelling refresh attempt: org.springframework.beans.factory.UnsatisfiedDependencyException: Error creating bean with name 'authGlobalFilter' defined in file [E:\project\idea\bilibili-backend\bilibili\bilibili-gateway\target\classes\com\bilibili\gateway\filters\AuthGlobalFilter.class]: Unsatisfied dependency expressed through constructor parameter 1; nested exception is org.springframework.beans.factory.UnsatisfiedDependencyException: Error creating bean with name 'jwtTool' defined in file [E:\project\idea\bilibili-backend\bilibili\bilibili-gateway\target\classes\com\bilibili\gateway\utils\JwtTool.class]: Unsatisfied dependency expressed through constructor parameter 0; nested exception is org.springframework.beans.factory.BeanCreationException: Error creating bean with name 'keyPair' defined in class path resource [com/bilibili/gateway/config/SecurityConfig.class]: Bean instantiation via factory method failed; nested exception is org.springframework.beans.BeanInstantiationException: Failed to instantiate [java.security.KeyPair]: Factory method 'keyPair' threw exception; nested exception is java.lang.IllegalStateException: Cannot load keys from store: class path resource [bilibili.jks]
2024-10-22 20:57:50 |WARN  |Thread-5 |NotifyCenter.java:136 |com.alibaba.nacos.common.notify.NotifyCenter |[NotifyCenter] Start destroying Publisher
2024-10-22 20:57:50 |WARN  |Thread-1 |HttpClientBeanHolder.java:108 |com.alibaba.nacos.common.http.HttpClientBeanHolder |[HttpClientBeanHolder] Start destroying common HttpClient
2024-10-22 20:57:50 |WARN  |Thread-5 |NotifyCenter.java:153 |com.alibaba.nacos.common.notify.NotifyCenter |[NotifyCenter] Destruction of the end
2024-10-22 20:57:50 |WARN  |Thread-1 |HttpClientBeanHolder.java:114 |com.alibaba.nacos.common.http.HttpClientBeanHolder |[HttpClientBeanHolder] Destruction of the end
2024-10-22 20:57:50 |WARN  |Thread-1 |HttpClientBeanHolder.java:108 |com.alibaba.nacos.common.http.HttpClientBeanHolder |[HttpClientBeanHolder] Start destroying common HttpClient
2024-10-22 20:57:50 |WARN  |Thread-5 |NotifyCenter.java:136 |com.alibaba.nacos.common.notify.NotifyCenter |[NotifyCenter] Start destroying Publisher
2024-10-22 20:57:50 |WARN  |Thread-5 |NotifyCenter.java:153 |com.alibaba.nacos.common.notify.NotifyCenter |[NotifyCenter] Destruction of the end
2024-10-22 20:57:50 |WARN  |Thread-1 |HttpClientBeanHolder.java:114 |com.alibaba.nacos.common.http.HttpClientBeanHolder |[HttpClientBeanHolder] Destruction of the end
2024-10-22 20:57:51 |WARN  |Thread-5 |NotifyCenter.java:136 |com.alibaba.nacos.common.notify.NotifyCenter |[NotifyCenter] Start destroying Publisher
2024-10-22 20:57:51 |WARN  |Thread-1 |HttpClientBeanHolder.java:108 |com.alibaba.nacos.common.http.HttpClientBeanHolder |[HttpClientBeanHolder] Start destroying common HttpClient
2024-10-22 20:57:51 |WARN  |Thread-5 |NotifyCenter.java:153 |com.alibaba.nacos.common.notify.NotifyCenter |[NotifyCenter] Destruction of the end
2024-10-22 20:57:51 |WARN  |Thread-1 |HttpClientBeanHolder.java:114 |com.alibaba.nacos.common.http.HttpClientBeanHolder |[HttpClientBeanHolder] Destruction of the end
2024-10-22 20:57:51 |WARN  |Thread-1 |HttpClientBeanHolder.java:108 |com.alibaba.nacos.common.http.HttpClientBeanHolder |[HttpClientBeanHolder] Start destroying common HttpClient
2024-10-22 20:57:51 |WARN  |Thread-5 |NotifyCenter.java:136 |com.alibaba.nacos.common.notify.NotifyCenter |[NotifyCenter] Start destroying Publisher
2024-10-22 20:57:51 |WARN  |Thread-5 |NotifyCenter.java:153 |com.alibaba.nacos.common.notify.NotifyCenter |[NotifyCenter] Destruction of the end
2024-10-22 20:57:51 |WARN  |Thread-1 |HttpClientBeanHolder.java:114 |com.alibaba.nacos.common.http.HttpClientBeanHolder |[HttpClientBeanHolder] Destruction of the end
2024-10-22 20:57:51 |WARN  |Thread-1 |HttpClientBeanHolder.java:108 |com.alibaba.nacos.common.http.HttpClientBeanHolder |[HttpClientBeanHolder] Start destroying common HttpClient
2024-10-22 20:57:51 |WARN  |Thread-5 |NotifyCenter.java:136 |com.alibaba.nacos.common.notify.NotifyCenter |[NotifyCenter] Start destroying Publisher
2024-10-22 20:57:51 |WARN  |Thread-5 |NotifyCenter.java:153 |com.alibaba.nacos.common.notify.NotifyCenter |[NotifyCenter] Destruction of the end
2024-10-22 20:57:51 |WARN  |Thread-1 |HttpClientBeanHolder.java:114 |com.alibaba.nacos.common.http.HttpClientBeanHolder |[HttpClientBeanHolder] Destruction of the end
2024-10-22 20:57:56 |WARN  |main |Reflections.java:179 |org.reflections.Reflections |given scan urls are empty. set urls in the configuration
2024-10-22 20:57:56 |WARN  |main |Reflections.java:179 |org.reflections.Reflections |given scan urls are empty. set urls in the configuration
2024-10-22 20:58:00 |WARN  |main |Reflections.java:179 |org.reflections.Reflections |given scan urls are empty. set urls in the configuration
2024-10-22 20:58:00 |WARN  |main |Reflections.java:179 |org.reflections.Reflections |given scan urls are empty. set urls in the configuration
2024-10-22 20:58:00 |WARN  |main |NacosPropertySourceBuilder.java:87 |com.alibaba.cloud.nacos.client.NacosPropertySourceBuilder |Ignore the empty nacos configuration and get it based on dataId[user-service] & group[DEFAULT_GROUP]
2024-10-22 20:58:01 |WARN  |main |NacosPropertySourceBuilder.java:87 |com.alibaba.cloud.nacos.client.NacosPropertySourceBuilder |Ignore the empty nacos configuration and get it based on dataId[user-service.yaml] & group[DEFAULT_GROUP]
2024-10-22 20:58:01 |WARN  |main |NacosPropertySourceBuilder.java:87 |com.alibaba.cloud.nacos.client.NacosPropertySourceBuilder |Ignore the empty nacos configuration and get it based on dataId[user-service-dev.yaml] & group[DEFAULT_GROUP]
2024-10-22 20:58:02 |WARN  |main |Reflections.java:179 |org.reflections.Reflections |given scan urls are empty. set urls in the configuration
2024-10-22 20:58:02 |WARN  |main |Reflections.java:179 |org.reflections.Reflections |given scan urls are empty. set urls in the configuration
2024-10-22 20:58:06 |WARN  |main |NacosPropertySourceBuilder.java:87 |com.alibaba.cloud.nacos.client.NacosPropertySourceBuilder |Ignore the empty nacos configuration and get it based on dataId[search-service] & group[DEFAULT_GROUP]
2024-10-22 20:58:06 |WARN  |main |NacosPropertySourceBuilder.java:87 |com.alibaba.cloud.nacos.client.NacosPropertySourceBuilder |Ignore the empty nacos configuration and get it based on dataId[search-service.yaml] & group[DEFAULT_GROUP]
2024-10-22 20:58:06 |WARN  |main |NacosPropertySourceBuilder.java:87 |com.alibaba.cloud.nacos.client.NacosPropertySourceBuilder |Ignore the empty nacos configuration and get it based on dataId[search-service-dev.yaml] & group[DEFAULT_GROUP]
2024-10-22 20:58:06 |WARN  |main |Reflections.java:179 |org.reflections.Reflections |given scan urls are empty. set urls in the configuration
2024-10-22 20:58:06 |WARN  |main |Reflections.java:179 |org.reflections.Reflections |given scan urls are empty. set urls in the configuration
2024-10-22 20:58:07 |WARN  |pool-4-thread-1 |ZipkinAutoConfiguration.java:164 |org.springframework.cloud.sleuth.autoconfig.zipkin2.ZipkinAutoConfiguration |Check result of the [RestTemplateSender{http://localhost:9411/api/v2/spans}] contains an error [CheckResult{ok=false, error=org.springframework.web.client.ResourceAccessException: I/O error on POST request for "http://localhost:9411/api/v2/spans": Connection refused: connect; nested exception is java.net.ConnectException: Connection refused: connect}]
2024-10-22 20:58:07 |WARN  |main |NacosPropertySourceBuilder.java:87 |com.alibaba.cloud.nacos.client.NacosPropertySourceBuilder |Ignore the empty nacos configuration and get it based on dataId[chat-service] & group[DEFAULT_GROUP]
2024-10-22 20:58:07 |WARN  |main |NacosPropertySourceBuilder.java:87 |com.alibaba.cloud.nacos.client.NacosPropertySourceBuilder |Ignore the empty nacos configuration and get it based on dataId[chat-service.yaml] & group[DEFAULT_GROUP]
2024-10-22 20:58:07 |WARN  |main |NacosPropertySourceBuilder.java:87 |com.alibaba.cloud.nacos.client.NacosPropertySourceBuilder |Ignore the empty nacos configuration and get it based on dataId[chat-service-dev.yaml] & group[DEFAULT_GROUP]
2024-10-22 20:58:11 |WARN  |main |NacosPropertySourceBuilder.java:87 |com.alibaba.cloud.nacos.client.NacosPropertySourceBuilder |Ignore the empty nacos configuration and get it based on dataId[notice-service] & group[DEFAULT_GROUP]
2024-10-22 20:58:11 |WARN  |main |NacosPropertySourceBuilder.java:87 |com.alibaba.cloud.nacos.client.NacosPropertySourceBuilder |Ignore the empty nacos configuration and get it based on dataId[notice-service.yaml] & group[DEFAULT_GROUP]
2024-10-22 20:58:11 |WARN  |main |NacosPropertySourceBuilder.java:87 |com.alibaba.cloud.nacos.client.NacosPropertySourceBuilder |Ignore the empty nacos configuration and get it based on dataId[notice-service-dev.yaml] & group[DEFAULT_GROUP]
2024-10-22 20:58:12 |WARN  |main |LoadBalancerCacheAutoConfiguration.java:82 |org.springframework.cloud.loadbalancer.config.LoadBalancerCacheAutoConfiguration$LoadBalancerCaffeineWarnLogger |Spring Cloud LoadBalancer is currently working with the default cache. While this cache implementation is useful for development and tests, it's recommended to use Caffeine cache in production.You can switch to using Caffeine cache, by adding it and org.springframework.cache.caffeine.CaffeineCacheManager to the classpath.
2024-10-22 20:58:12 |WARN  |pool-4-thread-1 |ZipkinAutoConfiguration.java:164 |org.springframework.cloud.sleuth.autoconfig.zipkin2.ZipkinAutoConfiguration |Check result of the [RestTemplateSender{http://localhost:9411/api/v2/spans}] contains an error [CheckResult{ok=false, error=org.springframework.web.client.ResourceAccessException: I/O error on POST request for "http://localhost:9411/api/v2/spans": Connection refused: connect; nested exception is java.net.ConnectException: Connection refused: connect}]
2024-10-22 20:58:21 |WARN  |main |LoadBalancerCacheAutoConfiguration.java:82 |org.springframework.cloud.loadbalancer.config.LoadBalancerCacheAutoConfiguration$LoadBalancerCaffeineWarnLogger |Spring Cloud LoadBalancer is currently working with the default cache. While this cache implementation is useful for development and tests, it's recommended to use Caffeine cache in production.You can switch to using Caffeine cache, by adding it and org.springframework.cache.caffeine.CaffeineCacheManager to the classpath.
2024-10-22 20:58:22 |WARN  |main |LoadBalancerCacheAutoConfiguration.java:82 |org.springframework.cloud.loadbalancer.config.LoadBalancerCacheAutoConfiguration$LoadBalancerCaffeineWarnLogger |Spring Cloud LoadBalancer is currently working with the default cache. While this cache implementation is useful for development and tests, it's recommended to use Caffeine cache in production.You can switch to using Caffeine cache, by adding it and org.springframework.cache.caffeine.CaffeineCacheManager to the classpath.
2024-10-22 20:58:26 |WARN  |main |LoadBalancerCacheAutoConfiguration.java:82 |org.springframework.cloud.loadbalancer.config.LoadBalancerCacheAutoConfiguration$LoadBalancerCaffeineWarnLogger |Spring Cloud LoadBalancer is currently working with the default cache. While this cache implementation is useful for development and tests, it's recommended to use Caffeine cache in production.You can switch to using Caffeine cache, by adding it and org.springframework.cache.caffeine.CaffeineCacheManager to the classpath.
2024-10-22 21:01:06 |WARN  |main |Reflections.java:179 |org.reflections.Reflections |given scan urls are empty. set urls in the configuration
2024-10-22 21:01:06 |WARN  |main |Reflections.java:179 |org.reflections.Reflections |given scan urls are empty. set urls in the configuration
2024-10-22 21:01:16 |WARN  |main |NacosPropertySourceBuilder.java:87 |com.alibaba.cloud.nacos.client.NacosPropertySourceBuilder |Ignore the empty nacos configuration and get it based on dataId[gateway] & group[DEFAULT_GROUP]
2024-10-22 21:01:16 |WARN  |main |NacosPropertySourceBuilder.java:87 |com.alibaba.cloud.nacos.client.NacosPropertySourceBuilder |Ignore the empty nacos configuration and get it based on dataId[gateway.yaml] & group[DEFAULT_GROUP]
2024-10-22 21:01:17 |WARN  |main |Logger.java:44 |org.mybatis.spring.mapper.ClassPathMapperScanner |No MyBatis mapper was found in '[com.bilibili.gateway]' package. Please check your configuration.
2024-10-22 21:01:18 |WARN  |main |AbstractApplicationContext.java:591 |org.springframework.boot.web.servlet.context.AnnotationConfigServletWebServerApplicationContext |Exception encountered during context initialization - cancelling refresh attempt: org.springframework.beans.factory.UnsatisfiedDependencyException: Error creating bean with name 'authGlobalFilter' defined in file [E:\project\idea\bilibili-backend\bilibili\bilibili-gateway\target\classes\com\bilibili\gateway\filters\AuthGlobalFilter.class]: Unsatisfied dependency expressed through constructor parameter 1; nested exception is org.springframework.beans.factory.UnsatisfiedDependencyException: Error creating bean with name 'jwtTool' defined in file [E:\project\idea\bilibili-backend\bilibili\bilibili-gateway\target\classes\com\bilibili\gateway\utils\JwtTool.class]: Unsatisfied dependency expressed through constructor parameter 0; nested exception is org.springframework.beans.factory.BeanCreationException: Error creating bean with name 'keyPair' defined in class path resource [com/bilibili/gateway/config/SecurityConfig.class]: Bean instantiation via factory method failed; nested exception is org.springframework.beans.BeanInstantiationException: Failed to instantiate [java.security.KeyPair]: Factory method 'keyPair' threw exception; nested exception is java.lang.IllegalStateException: Cannot load keys from store: class path resource [bilibili.jks]
2024-10-22 21:01:19 |WARN  |Thread-5 |NotifyCenter.java:136 |com.alibaba.nacos.common.notify.NotifyCenter |[NotifyCenter] Start destroying Publisher
2024-10-22 21:01:19 |WARN  |Thread-1 |HttpClientBeanHolder.java:108 |com.alibaba.nacos.common.http.HttpClientBeanHolder |[HttpClientBeanHolder] Start destroying common HttpClient
2024-10-22 21:01:19 |WARN  |Thread-5 |NotifyCenter.java:153 |com.alibaba.nacos.common.notify.NotifyCenter |[NotifyCenter] Destruction of the end
2024-10-22 21:01:31 |WARN  |nacos-grpc-client-executor-49 |LoggerUtils.java:86 |com.alibaba.nacos.common.remote.client.grpc.GrpcClient |[1729601893191_221.4.34.75_4600]Ignore error event,isRunning:true,isAbandon=true
2024-10-22 21:01:31 |WARN  |nacos-grpc-client-executor-53 |LoggerUtils.java:86 |com.alibaba.nacos.common.remote.client.grpc.GrpcClient |[1729601888099_221.4.34.75_40117]Ignore error event,isRunning:true,isAbandon=true
2024-10-22 21:01:33 |WARN  |nacos-grpc-client-executor-45 |LoggerUtils.java:86 |com.alibaba.nacos.common.remote.client.grpc.GrpcClient |[1729601915364_221.4.34.75_41260]Ignore error event,isRunning:true,isAbandon=true
2024-10-22 21:01:34 |WARN  |nacos-grpc-client-executor-54 |LoggerUtils.java:86 |com.alibaba.nacos.common.remote.client.grpc.GrpcClient |[1729601886485_221.4.34.75_42222]Ignore error event,isRunning:true,isAbandon=true
2024-10-22 21:02:14 |WARN  |main |Reflections.java:179 |org.reflections.Reflections |given scan urls are empty. set urls in the configuration
2024-10-22 21:02:14 |WARN  |main |Reflections.java:179 |org.reflections.Reflections |given scan urls are empty. set urls in the configuration
2024-10-22 21:02:25 |WARN  |main |NacosPropertySourceBuilder.java:87 |com.alibaba.cloud.nacos.client.NacosPropertySourceBuilder |Ignore the empty nacos configuration and get it based on dataId[gateway] & group[DEFAULT_GROUP]
2024-10-22 21:02:25 |WARN  |main |NacosPropertySourceBuilder.java:87 |com.alibaba.cloud.nacos.client.NacosPropertySourceBuilder |Ignore the empty nacos configuration and get it based on dataId[gateway.yaml] & group[DEFAULT_GROUP]
2024-10-22 21:02:25 |WARN  |main |Logger.java:44 |org.mybatis.spring.mapper.ClassPathMapperScanner |No MyBatis mapper was found in '[com.bilibili.gateway]' package. Please check your configuration.
2024-10-22 21:02:26 |WARN  |main |AbstractApplicationContext.java:591 |org.springframework.boot.web.servlet.context.AnnotationConfigServletWebServerApplicationContext |Exception encountered during context initialization - cancelling refresh attempt: org.springframework.beans.factory.UnsatisfiedDependencyException: Error creating bean with name 'authGlobalFilter' defined in file [E:\project\idea\bilibili-backend\bilibili\bilibili-gateway\target\classes\com\bilibili\gateway\filters\AuthGlobalFilter.class]: Unsatisfied dependency expressed through constructor parameter 1; nested exception is org.springframework.beans.factory.UnsatisfiedDependencyException: Error creating bean with name 'jwtTool' defined in file [E:\project\idea\bilibili-backend\bilibili\bilibili-gateway\target\classes\com\bilibili\gateway\utils\JwtTool.class]: Unsatisfied dependency expressed through constructor parameter 0; nested exception is org.springframework.beans.factory.BeanCreationException: Error creating bean with name 'keyPair' defined in class path resource [com/bilibili/gateway/config/SecurityConfig.class]: Bean instantiation via factory method failed; nested exception is org.springframework.beans.BeanInstantiationException: Failed to instantiate [java.security.KeyPair]: Factory method 'keyPair' threw exception; nested exception is java.lang.IllegalStateException: Cannot load keys from store: class path resource [bilibili.jks]
2024-10-22 21:02:27 |WARN  |Thread-1 |HttpClientBeanHolder.java:108 |com.alibaba.nacos.common.http.HttpClientBeanHolder |[HttpClientBeanHolder] Start destroying common HttpClient
2024-10-22 21:02:27 |WARN  |Thread-5 |NotifyCenter.java:136 |com.alibaba.nacos.common.notify.NotifyCenter |[NotifyCenter] Start destroying Publisher
2024-10-22 21:02:31 |WARN  |nacos-grpc-client-executor-61 |LoggerUtils.java:86 |com.alibaba.nacos.common.remote.client.grpc.GrpcClient |[1729601902935_221.4.34.75_20250]Ignore error event,isRunning:true,isAbandon=true
2024-10-22 21:02:31 |WARN  |nacos-grpc-client-executor-59 |LoggerUtils.java:86 |com.alibaba.nacos.common.remote.client.grpc.GrpcClient |[1729601902980_221.4.34.75_18256]Ignore error event,isRunning:true,isAbandon=true
2024-10-22 21:02:32 |WARN  |nacos-grpc-client-executor-64 |LoggerUtils.java:86 |com.alibaba.nacos.common.remote.client.grpc.GrpcClient |[1729601891345_221.4.34.75_4586]Ignore error event,isRunning:true,isAbandon=true
2024-10-22 21:02:32 |WARN  |nacos-grpc-client-executor-70 |LoggerUtils.java:86 |com.alibaba.nacos.common.remote.client.grpc.GrpcClient |[1729602094582_221.4.34.75_29298]Ignore error event,isRunning:true,isAbandon=true
2024-10-22 21:02:33 |WARN  |nacos-grpc-client-executor-67 |LoggerUtils.java:86 |com.alibaba.nacos.common.remote.client.grpc.GrpcClient |[1729601881266_221.4.34.75_63912]Ignore error event,isRunning:true,isAbandon=true
2024-10-22 21:03:16 |WARN  |main |Reflections.java:179 |org.reflections.Reflections |given scan urls are empty. set urls in the configuration
2024-10-22 21:03:16 |WARN  |main |Reflections.java:179 |org.reflections.Reflections |given scan urls are empty. set urls in the configuration
2024-10-22 21:03:26 |WARN  |main |NacosPropertySourceBuilder.java:87 |com.alibaba.cloud.nacos.client.NacosPropertySourceBuilder |Ignore the empty nacos configuration and get it based on dataId[gateway] & group[DEFAULT_GROUP]
2024-10-22 21:03:27 |WARN  |main |NacosPropertySourceBuilder.java:87 |com.alibaba.cloud.nacos.client.NacosPropertySourceBuilder |Ignore the empty nacos configuration and get it based on dataId[gateway.yaml] & group[DEFAULT_GROUP]
2024-10-22 21:03:27 |WARN  |main |Logger.java:44 |org.mybatis.spring.mapper.ClassPathMapperScanner |No MyBatis mapper was found in '[com.bilibili.gateway]' package. Please check your configuration.
2024-10-22 21:03:29 |WARN  |main |AbstractApplicationContext.java:591 |org.springframework.boot.web.servlet.context.AnnotationConfigServletWebServerApplicationContext |Exception encountered during context initialization - cancelling refresh attempt: org.springframework.beans.factory.BeanCreationException: Error creating bean with name 'org.springframework.cloud.gateway.config.GatewayClassPathWarningAutoConfiguration$SpringMvcFoundOnClasspathConfiguration': Instantiation of bean failed; nested exception is org.springframework.beans.BeanInstantiationException: Failed to instantiate [org.springframework.cloud.gateway.config.GatewayClassPathWarningAutoConfiguration$SpringMvcFoundOnClasspathConfiguration]: Constructor threw exception; nested exception is org.springframework.cloud.gateway.support.MvcFoundOnClasspathException
2024-10-22 21:03:29 |WARN  |Thread-1 |HttpClientBeanHolder.java:108 |com.alibaba.nacos.common.http.HttpClientBeanHolder |[HttpClientBeanHolder] Start destroying common HttpClient
2024-10-22 21:03:29 |WARN  |Thread-5 |NotifyCenter.java:136 |com.alibaba.nacos.common.notify.NotifyCenter |[NotifyCenter] Start destroying Publisher
2024-10-22 21:05:11 |WARN  |Thread-5 |NotifyCenter.java:136 |com.alibaba.nacos.common.notify.NotifyCenter |[NotifyCenter] Start destroying Publisher
2024-10-22 21:05:11 |WARN  |Thread-1 |HttpClientBeanHolder.java:108 |com.alibaba.nacos.common.http.HttpClientBeanHolder |[HttpClientBeanHolder] Start destroying common HttpClient
2024-10-22 21:05:11 |WARN  |Thread-5 |NotifyCenter.java:153 |com.alibaba.nacos.common.notify.NotifyCenter |[NotifyCenter] Destruction of the end
2024-10-22 21:05:11 |WARN  |Thread-1 |HttpClientBeanHolder.java:114 |com.alibaba.nacos.common.http.HttpClientBeanHolder |[HttpClientBeanHolder] Destruction of the end
2024-10-22 21:05:11 |WARN  |Thread-1 |HttpClientBeanHolder.java:108 |com.alibaba.nacos.common.http.HttpClientBeanHolder |[HttpClientBeanHolder] Start destroying common HttpClient
2024-10-22 21:05:11 |WARN  |Thread-5 |NotifyCenter.java:136 |com.alibaba.nacos.common.notify.NotifyCenter |[NotifyCenter] Start destroying Publisher
2024-10-22 21:05:11 |WARN  |Thread-5 |NotifyCenter.java:153 |com.alibaba.nacos.common.notify.NotifyCenter |[NotifyCenter] Destruction of the end
2024-10-22 21:05:11 |WARN  |Thread-1 |HttpClientBeanHolder.java:114 |com.alibaba.nacos.common.http.HttpClientBeanHolder |[HttpClientBeanHolder] Destruction of the end
2024-10-22 21:05:11 |WARN  |Thread-5 |NotifyCenter.java:136 |com.alibaba.nacos.common.notify.NotifyCenter |[NotifyCenter] Start destroying Publisher
2024-10-22 21:05:11 |WARN  |Thread-1 |HttpClientBeanHolder.java:108 |com.alibaba.nacos.common.http.HttpClientBeanHolder |[HttpClientBeanHolder] Start destroying common HttpClient
2024-10-22 21:05:11 |WARN  |Thread-5 |NotifyCenter.java:153 |com.alibaba.nacos.common.notify.NotifyCenter |[NotifyCenter] Destruction of the end
2024-10-22 21:05:11 |WARN  |Thread-1 |HttpClientBeanHolder.java:114 |com.alibaba.nacos.common.http.HttpClientBeanHolder |[HttpClientBeanHolder] Destruction of the end
2024-10-22 21:05:12 |WARN  |Thread-5 |NotifyCenter.java:136 |com.alibaba.nacos.common.notify.NotifyCenter |[NotifyCenter] Start destroying Publisher
2024-10-22 21:05:12 |WARN  |Thread-1 |HttpClientBeanHolder.java:108 |com.alibaba.nacos.common.http.HttpClientBeanHolder |[HttpClientBeanHolder] Start destroying common HttpClient
2024-10-22 21:05:12 |WARN  |Thread-5 |NotifyCenter.java:153 |com.alibaba.nacos.common.notify.NotifyCenter |[NotifyCenter] Destruction of the end
2024-10-22 21:05:12 |WARN  |Thread-1 |HttpClientBeanHolder.java:114 |com.alibaba.nacos.common.http.HttpClientBeanHolder |[HttpClientBeanHolder] Destruction of the end
2024-10-22 21:23:41 |WARN  |main |Reflections.java:179 |org.reflections.Reflections |given scan urls are empty. set urls in the configuration
2024-10-22 21:23:41 |WARN  |main |Reflections.java:179 |org.reflections.Reflections |given scan urls are empty. set urls in the configuration
2024-10-22 21:23:43 |WARN  |main |NacosPropertySourceBuilder.java:87 |com.alibaba.cloud.nacos.client.NacosPropertySourceBuilder |Ignore the empty nacos configuration and get it based on dataId[user-service] & group[DEFAULT_GROUP]
2024-10-22 21:23:43 |WARN  |main |NacosPropertySourceBuilder.java:87 |com.alibaba.cloud.nacos.client.NacosPropertySourceBuilder |Ignore the empty nacos configuration and get it based on dataId[user-service.yaml] & group[DEFAULT_GROUP]
2024-10-22 21:23:43 |WARN  |main |NacosPropertySourceBuilder.java:87 |com.alibaba.cloud.nacos.client.NacosPropertySourceBuilder |Ignore the empty nacos configuration and get it based on dataId[user-service-dev.yaml] & group[DEFAULT_GROUP]
2024-10-22 21:23:48 |WARN  |main |LoadBalancerCacheAutoConfiguration.java:82 |org.springframework.cloud.loadbalancer.config.LoadBalancerCacheAutoConfiguration$LoadBalancerCaffeineWarnLogger |Spring Cloud LoadBalancer is currently working with the default cache. While this cache implementation is useful for development and tests, it's recommended to use Caffeine cache in production.You can switch to using Caffeine cache, by adding it and org.springframework.cache.caffeine.CaffeineCacheManager to the classpath.
2024-10-22 21:23:59 |WARN  |main |Reflections.java:179 |org.reflections.Reflections |given scan urls are empty. set urls in the configuration
2024-10-22 21:23:59 |WARN  |main |Reflections.java:179 |org.reflections.Reflections |given scan urls are empty. set urls in the configuration
2024-10-22 21:24:01 |WARN  |main |NacosPropertySourceBuilder.java:87 |com.alibaba.cloud.nacos.client.NacosPropertySourceBuilder |Ignore the empty nacos configuration and get it based on dataId[search-service] & group[DEFAULT_GROUP]
2024-10-22 21:24:01 |WARN  |main |NacosPropertySourceBuilder.java:87 |com.alibaba.cloud.nacos.client.NacosPropertySourceBuilder |Ignore the empty nacos configuration and get it based on dataId[search-service.yaml] & group[DEFAULT_GROUP]
2024-10-22 21:24:01 |WARN  |main |NacosPropertySourceBuilder.java:87 |com.alibaba.cloud.nacos.client.NacosPropertySourceBuilder |Ignore the empty nacos configuration and get it based on dataId[search-service-dev.yaml] & group[DEFAULT_GROUP]
2024-10-22 21:24:02 |WARN  |pool-4-thread-1 |ZipkinAutoConfiguration.java:164 |org.springframework.cloud.sleuth.autoconfig.zipkin2.ZipkinAutoConfiguration |Check result of the [RestTemplateSender{http://localhost:9411/api/v2/spans}] contains an error [CheckResult{ok=false, error=org.springframework.web.client.ResourceAccessException: I/O error on POST request for "http://localhost:9411/api/v2/spans": Connection refused: connect; nested exception is java.net.ConnectException: Connection refused: connect}]
2024-10-22 21:24:08 |WARN  |main |LoadBalancerCacheAutoConfiguration.java:82 |org.springframework.cloud.loadbalancer.config.LoadBalancerCacheAutoConfiguration$LoadBalancerCaffeineWarnLogger |Spring Cloud LoadBalancer is currently working with the default cache. While this cache implementation is useful for development and tests, it's recommended to use Caffeine cache in production.You can switch to using Caffeine cache, by adding it and org.springframework.cache.caffeine.CaffeineCacheManager to the classpath.
2024-10-22 21:24:18 |WARN  |main |Reflections.java:179 |org.reflections.Reflections |given scan urls are empty. set urls in the configuration
2024-10-22 21:24:19 |WARN  |main |Reflections.java:179 |org.reflections.Reflections |given scan urls are empty. set urls in the configuration
2024-10-22 21:24:21 |WARN  |main |NacosPropertySourceBuilder.java:87 |com.alibaba.cloud.nacos.client.NacosPropertySourceBuilder |Ignore the empty nacos configuration and get it based on dataId[chat-service] & group[DEFAULT_GROUP]
2024-10-22 21:24:21 |WARN  |main |NacosPropertySourceBuilder.java:87 |com.alibaba.cloud.nacos.client.NacosPropertySourceBuilder |Ignore the empty nacos configuration and get it based on dataId[chat-service.yaml] & group[DEFAULT_GROUP]
2024-10-22 21:24:21 |WARN  |main |NacosPropertySourceBuilder.java:87 |com.alibaba.cloud.nacos.client.NacosPropertySourceBuilder |Ignore the empty nacos configuration and get it based on dataId[chat-service-dev.yaml] & group[DEFAULT_GROUP]
2024-10-22 21:24:28 |WARN  |main |LoadBalancerCacheAutoConfiguration.java:82 |org.springframework.cloud.loadbalancer.config.LoadBalancerCacheAutoConfiguration$LoadBalancerCaffeineWarnLogger |Spring Cloud LoadBalancer is currently working with the default cache. While this cache implementation is useful for development and tests, it's recommended to use Caffeine cache in production.You can switch to using Caffeine cache, by adding it and org.springframework.cache.caffeine.CaffeineCacheManager to the classpath.
2024-10-22 21:24:40 |WARN  |main |Reflections.java:179 |org.reflections.Reflections |given scan urls are empty. set urls in the configuration
2024-10-22 21:24:40 |WARN  |main |Reflections.java:179 |org.reflections.Reflections |given scan urls are empty. set urls in the configuration
2024-10-22 21:24:42 |WARN  |main |NacosPropertySourceBuilder.java:87 |com.alibaba.cloud.nacos.client.NacosPropertySourceBuilder |Ignore the empty nacos configuration and get it based on dataId[notice-service] & group[DEFAULT_GROUP]
2024-10-22 21:24:42 |WARN  |main |NacosPropertySourceBuilder.java:87 |com.alibaba.cloud.nacos.client.NacosPropertySourceBuilder |Ignore the empty nacos configuration and get it based on dataId[notice-service.yaml] & group[DEFAULT_GROUP]
2024-10-22 21:24:42 |WARN  |main |NacosPropertySourceBuilder.java:87 |com.alibaba.cloud.nacos.client.NacosPropertySourceBuilder |Ignore the empty nacos configuration and get it based on dataId[notice-service-dev.yaml] & group[DEFAULT_GROUP]
2024-10-22 21:24:44 |WARN  |pool-4-thread-1 |ZipkinAutoConfiguration.java:164 |org.springframework.cloud.sleuth.autoconfig.zipkin2.ZipkinAutoConfiguration |Check result of the [RestTemplateSender{http://localhost:9411/api/v2/spans}] contains an error [CheckResult{ok=false, error=org.springframework.web.client.ResourceAccessException: I/O error on POST request for "http://localhost:9411/api/v2/spans": Connection refused: connect; nested exception is java.net.ConnectException: Connection refused: connect}]
2024-10-22 21:24:52 |WARN  |main |LoadBalancerCacheAutoConfiguration.java:82 |org.springframework.cloud.loadbalancer.config.LoadBalancerCacheAutoConfiguration$LoadBalancerCaffeineWarnLogger |Spring Cloud LoadBalancer is currently working with the default cache. While this cache implementation is useful for development and tests, it's recommended to use Caffeine cache in production.You can switch to using Caffeine cache, by adding it and org.springframework.cache.caffeine.CaffeineCacheManager to the classpath.
2024-10-22 21:25:07 |WARN  |main |Reflections.java:179 |org.reflections.Reflections |given scan urls are empty. set urls in the configuration
2024-10-22 21:25:07 |WARN  |main |Reflections.java:179 |org.reflections.Reflections |given scan urls are empty. set urls in the configuration
2024-10-22 21:25:17 |WARN  |main |NacosPropertySourceBuilder.java:87 |com.alibaba.cloud.nacos.client.NacosPropertySourceBuilder |Ignore the empty nacos configuration and get it based on dataId[gateway] & group[DEFAULT_GROUP]
2024-10-22 21:25:18 |WARN  |main |NacosPropertySourceBuilder.java:87 |com.alibaba.cloud.nacos.client.NacosPropertySourceBuilder |Ignore the empty nacos configuration and get it based on dataId[gateway.yaml] & group[DEFAULT_GROUP]
2024-10-22 21:25:18 |WARN  |main |Logger.java:44 |org.mybatis.spring.mapper.ClassPathMapperScanner |No MyBatis mapper was found in '[com.bilibili.gateway]' package. Please check your configuration.
2024-10-22 21:25:23 |WARN  |main |AbstractApplicationContext.java:591 |org.springframework.boot.web.reactive.context.AnnotationConfigReactiveWebServerApplicationContext |Exception encountered during context initialization - cancelling refresh attempt: org.springframework.beans.factory.BeanCreationException: Error creating bean with name 'dataSource' defined in class path resource [org/springframework/boot/autoconfigure/jdbc/DataSourceConfiguration$Hikari.class]: Bean instantiation via factory method failed; nested exception is org.springframework.beans.BeanInstantiationException: Failed to instantiate [com.zaxxer.hikari.HikariDataSource]: Factory method 'dataSource' threw exception; nested exception is org.springframework.boot.autoconfigure.jdbc.DataSourceProperties$DataSourceBeanCreationException: Failed to determine a suitable driver class
2024-10-22 21:25:24 |WARN  |Thread-5 |NotifyCenter.java:136 |com.alibaba.nacos.common.notify.NotifyCenter |[NotifyCenter] Start destroying Publisher
2024-10-22 21:25:24 |WARN  |Thread-1 |HttpClientBeanHolder.java:108 |com.alibaba.nacos.common.http.HttpClientBeanHolder |[HttpClientBeanHolder] Start destroying common HttpClient
2024-10-22 21:25:24 |WARN  |Thread-5 |NotifyCenter.java:153 |com.alibaba.nacos.common.notify.NotifyCenter |[NotifyCenter] Destruction of the end
2024-10-22 21:27:59 |WARN  |main |Reflections.java:179 |org.reflections.Reflections |given scan urls are empty. set urls in the configuration
2024-10-22 21:27:59 |WARN  |main |Reflections.java:179 |org.reflections.Reflections |given scan urls are empty. set urls in the configuration
2024-10-22 21:28:09 |WARN  |main |NacosPropertySourceBuilder.java:87 |com.alibaba.cloud.nacos.client.NacosPropertySourceBuilder |Ignore the empty nacos configuration and get it based on dataId[gateway] & group[DEFAULT_GROUP]
2024-10-22 21:28:09 |WARN  |main |NacosPropertySourceBuilder.java:87 |com.alibaba.cloud.nacos.client.NacosPropertySourceBuilder |Ignore the empty nacos configuration and get it based on dataId[gateway.yaml] & group[DEFAULT_GROUP]
2024-10-22 21:28:10 |WARN  |main |Logger.java:44 |org.mybatis.spring.mapper.ClassPathMapperScanner |No MyBatis mapper was found in '[com.bilibili.gateway]' package. Please check your configuration.
2024-10-22 21:28:11 |WARN  |main |AbstractApplicationContext.java:591 |org.springframework.boot.web.reactive.context.AnnotationConfigReactiveWebServerApplicationContext |Exception encountered during context initialization - cancelling refresh attempt: org.springframework.beans.factory.BeanCreationException: Error creating bean with name 'commonExceptionAdvice': Lookup method resolution failed; nested exception is java.lang.IllegalStateException: Failed to introspect Class [com.bilibili.common.advice.CommonExceptionAdvice] from ClassLoader [jdk.internal.loader.ClassLoaders$AppClassLoader@7b1d7fff]
2024-10-22 21:28:12 |WARN  |Thread-5 |NotifyCenter.java:136 |com.alibaba.nacos.common.notify.NotifyCenter |[NotifyCenter] Start destroying Publisher
2024-10-22 21:28:12 |WARN  |Thread-1 |HttpClientBeanHolder.java:108 |com.alibaba.nacos.common.http.HttpClientBeanHolder |[HttpClientBeanHolder] Start destroying common HttpClient
2024-10-22 21:28:12 |WARN  |Thread-5 |NotifyCenter.java:153 |com.alibaba.nacos.common.notify.NotifyCenter |[NotifyCenter] Destruction of the end
2024-10-22 21:58:31 |WARN  |nacos-grpc-client-executor-421 |LoggerUtils.java:86 |com.alibaba.nacos.common.remote.client.grpc.GrpcClient |[1729603483152_221.4.34.75_47375]Ignore error event,isRunning:true,isAbandon=true
2024-10-22 21:58:31 |WARN  |nacos-grpc-client-executor-430 |LoggerUtils.java:86 |com.alibaba.nacos.common.remote.client.grpc.GrpcClient |[1729603423654_221.4.34.75_55885]Ignore error event,isRunning:true,isAbandon=true
2024-10-22 21:58:33 |WARN  |nacos-grpc-client-executor-433 |LoggerUtils.java:86 |com.alibaba.nacos.common.remote.client.grpc.GrpcClient |[1729603428993_221.4.34.75_64158]Ignore error event,isRunning:true,isAbandon=true
2024-10-22 21:58:34 |WARN  |nacos-grpc-client-executor-424 |LoggerUtils.java:86 |com.alibaba.nacos.common.remote.client.grpc.GrpcClient |[1729603449270_221.4.34.75_4602]Ignore error event,isRunning:true,isAbandon=true
2024-10-22 21:58:34 |WARN  |nacos-grpc-client-executor-430 |LoggerUtils.java:86 |com.alibaba.nacos.common.remote.client.grpc.GrpcClient |[1729603441438_221.4.34.75_41809]Ignore error event,isRunning:true,isAbandon=true
2024-10-22 21:58:34 |WARN  |nacos-grpc-client-executor-421 |LoggerUtils.java:86 |com.alibaba.nacos.common.remote.client.grpc.GrpcClient |[1729603461386_221.4.34.75_56896]Ignore error event,isRunning:true,isAbandon=true
2024-10-22 21:58:34 |WARN  |nacos-grpc-client-executor-419 |LoggerUtils.java:86 |com.alibaba.nacos.common.remote.client.grpc.GrpcClient |[1729603469876_221.4.34.75_41280]Ignore error event,isRunning:true,isAbandon=true
2024-10-22 21:58:34 |WARN  |nacos-grpc-client-executor-416 |LoggerUtils.java:86 |com.alibaba.nacos.common.remote.client.grpc.GrpcClient |[1729603500096_221.4.34.75_31902]Ignore error event,isRunning:true,isAbandon=true
2024-10-22 22:24:01 |WARN  |Thread-1 |HttpClientBeanHolder.java:108 |com.alibaba.nacos.common.http.HttpClientBeanHolder |[HttpClientBeanHolder] Start destroying common HttpClient
2024-10-22 22:24:01 |WARN  |Thread-5 |NotifyCenter.java:136 |com.alibaba.nacos.common.notify.NotifyCenter |[NotifyCenter] Start destroying Publisher
2024-10-22 22:24:01 |WARN  |Thread-5 |NotifyCenter.java:153 |com.alibaba.nacos.common.notify.NotifyCenter |[NotifyCenter] Destruction of the end
2024-10-22 22:24:01 |WARN  |Thread-1 |HttpClientBeanHolder.java:114 |com.alibaba.nacos.common.http.HttpClientBeanHolder |[HttpClientBeanHolder] Destruction of the end
2024-10-22 22:24:02 |WARN  |Thread-1 |HttpClientBeanHolder.java:108 |com.alibaba.nacos.common.http.HttpClientBeanHolder |[HttpClientBeanHolder] Start destroying common HttpClient
2024-10-22 22:24:02 |WARN  |Thread-5 |NotifyCenter.java:136 |com.alibaba.nacos.common.notify.NotifyCenter |[NotifyCenter] Start destroying Publisher
2024-10-22 22:24:02 |WARN  |Thread-5 |NotifyCenter.java:153 |com.alibaba.nacos.common.notify.NotifyCenter |[NotifyCenter] Destruction of the end
2024-10-22 22:24:02 |WARN  |Thread-1 |HttpClientBeanHolder.java:114 |com.alibaba.nacos.common.http.HttpClientBeanHolder |[HttpClientBeanHolder] Destruction of the end
2024-10-22 22:24:02 |WARN  |Thread-5 |NotifyCenter.java:136 |com.alibaba.nacos.common.notify.NotifyCenter |[NotifyCenter] Start destroying Publisher
2024-10-22 22:24:02 |WARN  |Thread-1 |HttpClientBeanHolder.java:108 |com.alibaba.nacos.common.http.HttpClientBeanHolder |[HttpClientBeanHolder] Start destroying common HttpClient
2024-10-22 22:24:02 |WARN  |Thread-5 |NotifyCenter.java:153 |com.alibaba.nacos.common.notify.NotifyCenter |[NotifyCenter] Destruction of the end
2024-10-22 22:24:02 |WARN  |Thread-1 |HttpClientBeanHolder.java:114 |com.alibaba.nacos.common.http.HttpClientBeanHolder |[HttpClientBeanHolder] Destruction of the end
2024-10-22 22:24:02 |WARN  |Thread-1 |HttpClientBeanHolder.java:108 |com.alibaba.nacos.common.http.HttpClientBeanHolder |[HttpClientBeanHolder] Start destroying common HttpClient
2024-10-22 22:24:02 |WARN  |Thread-5 |NotifyCenter.java:136 |com.alibaba.nacos.common.notify.NotifyCenter |[NotifyCenter] Start destroying Publisher
2024-10-22 22:24:02 |WARN  |Thread-5 |NotifyCenter.java:153 |com.alibaba.nacos.common.notify.NotifyCenter |[NotifyCenter] Destruction of the end
2024-10-22 22:24:02 |WARN  |Thread-1 |HttpClientBeanHolder.java:114 |com.alibaba.nacos.common.http.HttpClientBeanHolder |[HttpClientBeanHolder] Destruction of the end
2024-10-22 22:24:03 |WARN  |nacos-grpc-client-executor-744 |LoggerUtils.java:86 |com.alibaba.nacos.common.remote.client.grpc.GrpcClient |[1729605514205_221.4.34.75_64101]Ignore error event,isRunning:false,isAbandon=false
2024-10-22 22:24:03 |WARN  |nacos-grpc-client-executor-736 |LoggerUtils.java:86 |com.alibaba.nacos.common.remote.client.grpc.GrpcClient |[1729605514525_221.4.34.75_62154]Ignore error event,isRunning:false,isAbandon=false
2024-10-22 22:24:03 |WARN  |nacos-grpc-client-executor-732 |LoggerUtils.java:86 |com.alibaba.nacos.common.remote.client.grpc.GrpcClient |[1729605514749_221.4.34.75_62162]Ignore error event,isRunning:false,isAbandon=false
