2024-10-30 15:14:55 |WARN  |main |Reflections.java:179 |org.reflections.Reflections |given scan urls are empty. set urls in the configuration
2024-10-30 15:14:55 |WARN  |main |Reflections.java:179 |org.reflections.Reflections |given scan urls are empty. set urls in the configuration
2024-10-30 15:14:57 |WARN  |main |NacosPropertySourceBuilder.java:87 |com.alibaba.cloud.nacos.client.NacosPropertySourceBuilder |Ignore the empty nacos configuration and get it based on dataId[gateway-service] & group[DEFAULT_GROUP]
2024-10-30 15:14:57 |WARN  |main |NacosPropertySourceBuilder.java:87 |com.alibaba.cloud.nacos.client.NacosPropertySourceBuilder |Ignore the empty nacos configuration and get it based on dataId[gateway-service.properties] & group[DEFAULT_GROUP]
2024-10-30 15:14:58 |WARN  |main |Logger.java:44 |org.mybatis.spring.mapper.ClassPathMapperScanner |No MyBatis mapper was found in '[com.bilibili.gateway]' package. Please check your configuration.
2024-10-30 15:14:58 |WARN  |main |AbstractApplicationContext.java:591 |org.springframework.boot.web.reactive.context.AnnotationConfigReactiveWebServerApplicationContext |Exception encountered during context initialization - cancelling refresh attempt: org.springframework.beans.factory.UnsatisfiedDependencyException: Error creating bean with name 'securityConfig': Unsatisfied dependency expressed through field 'jwtTool'; nested exception is org.springframework.beans.factory.UnsatisfiedDependencyException: Error creating bean with name 'jwtTool' defined in file [D:\project\idea\bilibili-backend\bilibili\gateway\target\classes\com\bilibili\gateway\util\JwtTool.class]: Unsatisfied dependency expressed through constructor parameter 0; nested exception is org.springframework.beans.factory.BeanCurrentlyInCreationException: Error creating bean with name 'securityConfig': Requested bean is currently in creation: Is there an unresolvable circular reference?
2024-10-30 15:14:58 |WARN  |main |DisposableBeanAdapter.java:224 |org.springframework.beans.factory.support.DisposableBeanAdapter |Invocation of destroy method failed on bean with name 'reactorResourceFactory': org.springframework.beans.factory.BeanCreationNotAllowedException: Error creating bean with name 'braveTracer': Singleton bean creation not allowed while singletons of this factory are in destruction (Do not request a bean from a BeanFactory in a destroy method implementation!)
2024-10-30 15:14:58 |WARN  |Thread-1 |HttpClientBeanHolder.java:108 |com.alibaba.nacos.common.http.HttpClientBeanHolder |[HttpClientBeanHolder] Start destroying common HttpClient
2024-10-30 15:14:58 |WARN  |Thread-5 |NotifyCenter.java:136 |com.alibaba.nacos.common.notify.NotifyCenter |[NotifyCenter] Start destroying Publisher
2024-10-30 15:14:58 |WARN  |Thread-5 |NotifyCenter.java:153 |com.alibaba.nacos.common.notify.NotifyCenter |[NotifyCenter] Destruction of the end
2024-10-30 15:15:25 |WARN  |main |Reflections.java:179 |org.reflections.Reflections |given scan urls are empty. set urls in the configuration
2024-10-30 15:15:25 |WARN  |main |Reflections.java:179 |org.reflections.Reflections |given scan urls are empty. set urls in the configuration
2024-10-30 15:15:26 |WARN  |main |NacosPropertySourceBuilder.java:87 |com.alibaba.cloud.nacos.client.NacosPropertySourceBuilder |Ignore the empty nacos configuration and get it based on dataId[gateway-service] & group[DEFAULT_GROUP]
2024-10-30 15:15:26 |WARN  |main |NacosPropertySourceBuilder.java:87 |com.alibaba.cloud.nacos.client.NacosPropertySourceBuilder |Ignore the empty nacos configuration and get it based on dataId[gateway-service.properties] & group[DEFAULT_GROUP]
2024-10-30 15:15:27 |WARN  |main |Logger.java:44 |org.mybatis.spring.mapper.ClassPathMapperScanner |No MyBatis mapper was found in '[com.bilibili.gateway]' package. Please check your configuration.
2024-10-30 15:15:27 |WARN  |main |AbstractApplicationContext.java:591 |org.springframework.boot.web.reactive.context.AnnotationConfigReactiveWebServerApplicationContext |Exception encountered during context initialization - cancelling refresh attempt: org.springframework.beans.factory.UnsatisfiedDependencyException: Error creating bean with name 'securityConfig': Unsatisfied dependency expressed through field 'jwtTool'; nested exception is org.springframework.beans.factory.NoSuchBeanDefinitionException: No qualifying bean of type 'com.bilibili.gateway.util.JwtTool' available: expected at least 1 bean which qualifies as autowire candidate. Dependency annotations: {@org.springframework.beans.factory.annotation.Autowired(required=true)}
2024-10-30 15:15:27 |WARN  |main |DisposableBeanAdapter.java:224 |org.springframework.beans.factory.support.DisposableBeanAdapter |Invocation of destroy method failed on bean with name 'reactorResourceFactory': org.springframework.beans.factory.BeanCreationNotAllowedException: Error creating bean with name 'braveTracer': Singleton bean creation not allowed while singletons of this factory are in destruction (Do not request a bean from a BeanFactory in a destroy method implementation!)
2024-10-30 15:15:27 |WARN  |Thread-5 |NotifyCenter.java:136 |com.alibaba.nacos.common.notify.NotifyCenter |[NotifyCenter] Start destroying Publisher
2024-10-30 15:15:27 |WARN  |Thread-1 |HttpClientBeanHolder.java:108 |com.alibaba.nacos.common.http.HttpClientBeanHolder |[HttpClientBeanHolder] Start destroying common HttpClient
2024-10-30 15:15:27 |WARN  |Thread-5 |NotifyCenter.java:153 |com.alibaba.nacos.common.notify.NotifyCenter |[NotifyCenter] Destruction of the end
2024-10-30 15:28:30 |WARN  |main |Reflections.java:179 |org.reflections.Reflections |given scan urls are empty. set urls in the configuration
2024-10-30 15:28:30 |WARN  |main |Reflections.java:179 |org.reflections.Reflections |given scan urls are empty. set urls in the configuration
2024-10-30 15:28:32 |WARN  |main |NacosPropertySourceBuilder.java:87 |com.alibaba.cloud.nacos.client.NacosPropertySourceBuilder |Ignore the empty nacos configuration and get it based on dataId[gateway-service] & group[DEFAULT_GROUP]
2024-10-30 15:28:32 |WARN  |main |NacosPropertySourceBuilder.java:87 |com.alibaba.cloud.nacos.client.NacosPropertySourceBuilder |Ignore the empty nacos configuration and get it based on dataId[gateway-service.properties] & group[DEFAULT_GROUP]
2024-10-30 15:28:32 |WARN  |main |Logger.java:44 |org.mybatis.spring.mapper.ClassPathMapperScanner |No MyBatis mapper was found in '[com.bilibili.gateway]' package. Please check your configuration.
2024-10-30 15:28:33 |WARN  |main |AbstractApplicationContext.java:591 |org.springframework.boot.web.reactive.context.AnnotationConfigReactiveWebServerApplicationContext |Exception encountered during context initialization - cancelling refresh attempt: org.springframework.beans.factory.BeanCreationException: Error creating bean with name 'securityConfig': Injection of resource dependencies failed; nested exception is org.springframework.beans.factory.UnsatisfiedDependencyException: Error creating bean with name 'jwtTool' defined in file [D:\project\idea\bilibili-backend\bilibili\gateway\target\classes\com\bilibili\gateway\util\JwtTool.class]: Unsatisfied dependency expressed through constructor parameter 0; nested exception is org.springframework.beans.factory.BeanCurrentlyInCreationException: Error creating bean with name 'securityConfig': Requested bean is currently in creation: Is there an unresolvable circular reference?
2024-10-30 15:28:33 |WARN  |main |DisposableBeanAdapter.java:224 |org.springframework.beans.factory.support.DisposableBeanAdapter |Invocation of destroy method failed on bean with name 'reactorResourceFactory': org.springframework.beans.factory.BeanCreationNotAllowedException: Error creating bean with name 'braveTracer': Singleton bean creation not allowed while singletons of this factory are in destruction (Do not request a bean from a BeanFactory in a destroy method implementation!)
2024-10-30 15:28:33 |WARN  |Thread-5 |NotifyCenter.java:136 |com.alibaba.nacos.common.notify.NotifyCenter |[NotifyCenter] Start destroying Publisher
2024-10-30 15:28:33 |WARN  |Thread-1 |HttpClientBeanHolder.java:108 |com.alibaba.nacos.common.http.HttpClientBeanHolder |[HttpClientBeanHolder] Start destroying common HttpClient
2024-10-30 15:28:33 |WARN  |Thread-5 |NotifyCenter.java:153 |com.alibaba.nacos.common.notify.NotifyCenter |[NotifyCenter] Destruction of the end
2024-10-30 15:33:30 |WARN  |main |Reflections.java:179 |org.reflections.Reflections |given scan urls are empty. set urls in the configuration
2024-10-30 15:33:30 |WARN  |main |Reflections.java:179 |org.reflections.Reflections |given scan urls are empty. set urls in the configuration
2024-10-30 15:33:31 |WARN  |main |NacosPropertySourceBuilder.java:87 |com.alibaba.cloud.nacos.client.NacosPropertySourceBuilder |Ignore the empty nacos configuration and get it based on dataId[gateway-service] & group[DEFAULT_GROUP]
2024-10-30 15:33:31 |WARN  |main |NacosPropertySourceBuilder.java:87 |com.alibaba.cloud.nacos.client.NacosPropertySourceBuilder |Ignore the empty nacos configuration and get it based on dataId[gateway-service.properties] & group[DEFAULT_GROUP]
2024-10-30 15:33:32 |WARN  |main |Logger.java:44 |org.mybatis.spring.mapper.ClassPathMapperScanner |No MyBatis mapper was found in '[com.bilibili.gateway]' package. Please check your configuration.
2024-10-30 15:33:32 |WARN  |main |AbstractApplicationContext.java:591 |org.springframework.boot.web.reactive.context.AnnotationConfigReactiveWebServerApplicationContext |Exception encountered during context initialization - cancelling refresh attempt: org.springframework.beans.factory.UnsatisfiedDependencyException: Error creating bean with name 'authGlobalFilter' defined in file [D:\project\idea\bilibili-backend\bilibili\gateway\target\classes\com\bilibili\gateway\filter\AuthGlobalFilter.class]: Unsatisfied dependency expressed through constructor parameter 1; nested exception is org.springframework.beans.factory.UnsatisfiedDependencyException: Error creating bean with name 'jwtTool' defined in file [D:\project\idea\bilibili-backend\bilibili\gateway\target\classes\com\bilibili\gateway\util\JwtTool.class]: Unsatisfied dependency expressed through constructor parameter 0; nested exception is org.springframework.beans.factory.BeanCreationException: Error creating bean with name 'keyPair' defined in class path resource [com/bilibili/gateway/config/SecurityConfig.class]: Bean instantiation via factory method failed; nested exception is org.springframework.beans.BeanInstantiationException: Failed to instantiate [java.security.KeyPair]: Factory method 'keyPair' threw exception; nested exception is java.lang.NullPointerException
2024-10-30 15:33:32 |WARN  |Thread-1 |HttpClientBeanHolder.java:108 |com.alibaba.nacos.common.http.HttpClientBeanHolder |[HttpClientBeanHolder] Start destroying common HttpClient
2024-10-30 15:33:32 |WARN  |Thread-5 |NotifyCenter.java:136 |com.alibaba.nacos.common.notify.NotifyCenter |[NotifyCenter] Start destroying Publisher
2024-10-30 15:33:32 |WARN  |Thread-5 |NotifyCenter.java:153 |com.alibaba.nacos.common.notify.NotifyCenter |[NotifyCenter] Destruction of the end
2024-10-30 15:34:48 |WARN  |main |Reflections.java:179 |org.reflections.Reflections |given scan urls are empty. set urls in the configuration
2024-10-30 15:34:48 |WARN  |main |Reflections.java:179 |org.reflections.Reflections |given scan urls are empty. set urls in the configuration
2024-10-30 15:34:50 |WARN  |main |NacosPropertySourceBuilder.java:87 |com.alibaba.cloud.nacos.client.NacosPropertySourceBuilder |Ignore the empty nacos configuration and get it based on dataId[gateway-service] & group[DEFAULT_GROUP]
2024-10-30 15:34:50 |WARN  |main |NacosPropertySourceBuilder.java:87 |com.alibaba.cloud.nacos.client.NacosPropertySourceBuilder |Ignore the empty nacos configuration and get it based on dataId[gateway-service.properties] & group[DEFAULT_GROUP]
2024-10-30 15:34:50 |WARN  |main |Logger.java:44 |org.mybatis.spring.mapper.ClassPathMapperScanner |No MyBatis mapper was found in '[com.bilibili.gateway]' package. Please check your configuration.
2024-10-30 15:34:50 |WARN  |main |AbstractApplicationContext.java:591 |org.springframework.boot.web.reactive.context.AnnotationConfigReactiveWebServerApplicationContext |Exception encountered during context initialization - cancelling refresh attempt: org.springframework.beans.factory.UnsatisfiedDependencyException: Error creating bean with name 'authGlobalFilter' defined in file [D:\project\idea\bilibili-backend\bilibili\gateway\target\classes\com\bilibili\gateway\filter\AuthGlobalFilter.class]: Unsatisfied dependency expressed through constructor parameter 1; nested exception is org.springframework.beans.factory.UnsatisfiedDependencyException: Error creating bean with name 'jwtTool' defined in file [D:\project\idea\bilibili-backend\bilibili\gateway\target\classes\com\bilibili\gateway\util\JwtTool.class]: Unsatisfied dependency expressed through constructor parameter 0; nested exception is org.springframework.beans.factory.BeanCreationException: Error creating bean with name 'keyPair' defined in class path resource [com/bilibili/gateway/config/SecurityConfig.class]: Bean instantiation via factory method failed; nested exception is org.springframework.beans.BeanInstantiationException: Failed to instantiate [java.security.KeyPair]: Factory method 'keyPair' threw exception; nested exception is java.lang.NullPointerException
2024-10-30 15:34:50 |WARN  |Thread-5 |NotifyCenter.java:136 |com.alibaba.nacos.common.notify.NotifyCenter |[NotifyCenter] Start destroying Publisher
2024-10-30 15:34:50 |WARN  |Thread-5 |NotifyCenter.java:153 |com.alibaba.nacos.common.notify.NotifyCenter |[NotifyCenter] Destruction of the end
2024-10-30 15:34:50 |WARN  |Thread-1 |HttpClientBeanHolder.java:108 |com.alibaba.nacos.common.http.HttpClientBeanHolder |[HttpClientBeanHolder] Start destroying common HttpClient
2024-10-30 15:35:11 |WARN  |main |Reflections.java:179 |org.reflections.Reflections |given scan urls are empty. set urls in the configuration
2024-10-30 15:35:11 |WARN  |main |Reflections.java:179 |org.reflections.Reflections |given scan urls are empty. set urls in the configuration
2024-10-30 15:35:12 |WARN  |main |NacosPropertySourceBuilder.java:87 |com.alibaba.cloud.nacos.client.NacosPropertySourceBuilder |Ignore the empty nacos configuration and get it based on dataId[gateway-service] & group[DEFAULT_GROUP]
2024-10-30 15:35:12 |WARN  |main |NacosPropertySourceBuilder.java:87 |com.alibaba.cloud.nacos.client.NacosPropertySourceBuilder |Ignore the empty nacos configuration and get it based on dataId[gateway-service.properties] & group[DEFAULT_GROUP]
2024-10-30 15:35:13 |WARN  |main |Logger.java:44 |org.mybatis.spring.mapper.ClassPathMapperScanner |No MyBatis mapper was found in '[com.bilibili.gateway]' package. Please check your configuration.
2024-10-30 15:35:19 |WARN  |main |LoadBalancerCacheAutoConfiguration.java:82 |org.springframework.cloud.loadbalancer.config.LoadBalancerCacheAutoConfiguration$LoadBalancerCaffeineWarnLogger |Spring Cloud LoadBalancer is currently working with the default cache. While this cache implementation is useful for development and tests, it's recommended to use Caffeine cache in production.You can switch to using Caffeine cache, by adding it and org.springframework.cache.caffeine.CaffeineCacheManager to the classpath.
2024-10-30 15:35:33 |WARN  |Thread-1 |HttpClientBeanHolder.java:108 |com.alibaba.nacos.common.http.HttpClientBeanHolder |[HttpClientBeanHolder] Start destroying common HttpClient
2024-10-30 15:35:33 |WARN  |Thread-5 |NotifyCenter.java:136 |com.alibaba.nacos.common.notify.NotifyCenter |[NotifyCenter] Start destroying Publisher
2024-10-30 15:35:33 |WARN  |Thread-5 |NotifyCenter.java:153 |com.alibaba.nacos.common.notify.NotifyCenter |[NotifyCenter] Destruction of the end
2024-10-30 15:35:33 |WARN  |Thread-1 |HttpClientBeanHolder.java:114 |com.alibaba.nacos.common.http.HttpClientBeanHolder |[HttpClientBeanHolder] Destruction of the end
2024-10-30 15:36:10 |WARN  |main |Reflections.java:179 |org.reflections.Reflections |given scan urls are empty. set urls in the configuration
2024-10-30 15:36:10 |WARN  |main |Reflections.java:179 |org.reflections.Reflections |given scan urls are empty. set urls in the configuration
2024-10-30 15:36:12 |WARN  |main |NacosPropertySourceBuilder.java:87 |com.alibaba.cloud.nacos.client.NacosPropertySourceBuilder |Ignore the empty nacos configuration and get it based on dataId[gateway-service] & group[DEFAULT_GROUP]
2024-10-30 15:36:12 |WARN  |main |NacosPropertySourceBuilder.java:87 |com.alibaba.cloud.nacos.client.NacosPropertySourceBuilder |Ignore the empty nacos configuration and get it based on dataId[gateway-service.properties] & group[DEFAULT_GROUP]
2024-10-30 15:36:12 |WARN  |main |Logger.java:44 |org.mybatis.spring.mapper.ClassPathMapperScanner |No MyBatis mapper was found in '[com.bilibili.gateway]' package. Please check your configuration.
2024-10-30 15:36:19 |WARN  |main |LoadBalancerCacheAutoConfiguration.java:82 |org.springframework.cloud.loadbalancer.config.LoadBalancerCacheAutoConfiguration$LoadBalancerCaffeineWarnLogger |Spring Cloud LoadBalancer is currently working with the default cache. While this cache implementation is useful for development and tests, it's recommended to use Caffeine cache in production.You can switch to using Caffeine cache, by adding it and org.springframework.cache.caffeine.CaffeineCacheManager to the classpath.
2024-10-30 15:43:45 |WARN  |Thread-1 |HttpClientBeanHolder.java:108 |com.alibaba.nacos.common.http.HttpClientBeanHolder |[HttpClientBeanHolder] Start destroying common HttpClient
2024-10-30 15:43:45 |WARN  |Thread-5 |NotifyCenter.java:136 |com.alibaba.nacos.common.notify.NotifyCenter |[NotifyCenter] Start destroying Publisher
2024-10-30 15:43:45 |WARN  |Thread-5 |NotifyCenter.java:153 |com.alibaba.nacos.common.notify.NotifyCenter |[NotifyCenter] Destruction of the end
2024-10-30 15:43:45 |WARN  |Thread-1 |HttpClientBeanHolder.java:114 |com.alibaba.nacos.common.http.HttpClientBeanHolder |[HttpClientBeanHolder] Destruction of the end
